System Clock: 0
---------------------------------------------------------------------
Instruction:
                    ID      IS      EX      WB
LD ,R1 ,0xc         0       0       0       0
LD ,R2 ,0xffff3c6f  1       0       0       0
LD ,R3 ,0xfffffffa  2       0       0       0
LD ,R4 ,0x0         3       0       0       0
ADD,R2 ,R4 ,R2      4       0       0       0
DIV,R4 ,R2 ,R3      5       0       0       0
MUL,R4 ,R3 ,R3      6       0       0       0
LD ,R5 ,0xffffff32  7       0       0       0
LD ,R18,0x1         8       0       0       0
SUB,R5 ,R4 ,R2      9       0       0       0
SUB,R1 ,R1 ,R18     10      0       0       0
ADD,R2 ,R4 ,R2      11      0       0       0
DIV,R4 ,R2 ,R3      12      0       0       0
MUL,R4 ,R3 ,R3      13      0       0       0
LD ,R5 ,0xffffff30  14      0       0       0
LD ,R18,0x1         15      0       0       0
SUB,R5 ,R4 ,R2      16      0       0       0
SUB,R1 ,R1 ,R18     17      0       0       0
LD ,R5 ,0xffffff2e  18      0       0       0
LD ,R18,0x1         19      0       0       0
SUB,R5 ,R4 ,R2      20      0       0       0
DIV,R4 ,R2 ,R3      21      0       0       0
MUL,R4 ,R3 ,R3      22      0       0       0
LD ,R5 ,0xffffff2c  23      0       0       0
LD ,R18,0x1         24      0       0       0
SUB,R5 ,R4 ,R2      25      0       0       0
SUB,R1 ,R1 ,R18     26      0       0       0
ADD,R2 ,R4 ,R2      27      0       0       0
---------------------------------------------------------------------
Reservation Station
      Busy    Vj          Vk          Qj        Qk
Ars1  No 
Ars2  No 
Ars3  No 
Ars4  No 
Ars5  No 
Ars6  No 
Mrs1  No 
Mrs2  No 
Mrs3  No 
---------------------------------------------------------------------
Load Buffer:
     Busy     Address
LB1  No 
LB2  No 
LB3  No 
---------------------------------------------------------------------
Register:
R0: 0 R1: 0 R2: 0 R3: 0 R4: 0 R5: 0 R6: 0 R7: 0 
R8: 0 R9: 0 R10: 0 R11: 0 R12: 0 R13: 0 R14: 0 R15: 0 
R16: 0 R17: 0 R18: 0 R19: 0 R20: 0 R21: 0 R22: 0 R23: 0 
R24: 0 R25: 0 R26: 0 R27: 0 R28: 0 R29: 0 R30: 0 R31: 0 
************************************************************************
System Clock: 1
---------------------------------------------------------------------
Instruction:
                    ID      IS      EX      WB
LD ,R1 ,0xc         0       1       0       0
LD ,R2 ,0xffff3c6f  1       0       0       0
LD ,R3 ,0xfffffffa  2       0       0       0
LD ,R4 ,0x0         3       0       0       0
ADD,R2 ,R4 ,R2      4       0       0       0
DIV,R4 ,R2 ,R3      5       0       0       0
MUL,R4 ,R3 ,R3      6       0       0       0
LD ,R5 ,0xffffff32  7       0       0       0
LD ,R18,0x1         8       0       0       0
SUB,R5 ,R4 ,R2      9       0       0       0
SUB,R1 ,R1 ,R18     10      0       0       0
ADD,R2 ,R4 ,R2      11      0       0       0
DIV,R4 ,R2 ,R3      12      0       0       0
MUL,R4 ,R3 ,R3      13      0       0       0
LD ,R5 ,0xffffff30  14      0       0       0
LD ,R18,0x1         15      0       0       0
SUB,R5 ,R4 ,R2      16      0       0       0
SUB,R1 ,R1 ,R18     17      0       0       0
LD ,R5 ,0xffffff2e  18      0       0       0
LD ,R18,0x1         19      0       0       0
SUB,R5 ,R4 ,R2      20      0       0       0
DIV,R4 ,R2 ,R3      21      0       0       0
MUL,R4 ,R3 ,R3      22      0       0       0
LD ,R5 ,0xffffff2c  23      0       0       0
LD ,R18,0x1         24      0       0       0
SUB,R5 ,R4 ,R2      25      0       0       0
SUB,R1 ,R1 ,R18     26      0       0       0
ADD,R2 ,R4 ,R2      27      0       0       0
---------------------------------------------------------------------
Reservation Station
      Busy    Vj          Vk          Qj        Qk
Ars1  No 
Ars2  No 
Ars3  No 
Ars4  No 
Ars5  No 
Ars6  No 
Mrs1  No 
Mrs2  No 
Mrs3  No 
---------------------------------------------------------------------
Load Buffer:
     Busy     Address
LB1  Yes      0xc
LB2  No 
LB3  No 
---------------------------------------------------------------------
Register:
R0: 0 R1: LB1 R2: 0 R3: 0 R4: 0 R5: 0 R6: 0 R7: 0 
R8: 0 R9: 0 R10: 0 R11: 0 R12: 0 R13: 0 R14: 0 R15: 0 
R16: 0 R17: 0 R18: 0 R19: 0 R20: 0 R21: 0 R22: 0 R23: 0 
R24: 0 R25: 0 R26: 0 R27: 0 R28: 0 R29: 0 R30: 0 R31: 0 
************************************************************************
System Clock: 2
---------------------------------------------------------------------
Instruction:
                    ID      IS      EX      WB
LD ,R1 ,0xc         0       1       0       0
LD ,R2 ,0xffff3c6f  1       2       0       0
LD ,R3 ,0xfffffffa  2       0       0       0
LD ,R4 ,0x0         3       0       0       0
ADD,R2 ,R4 ,R2      4       0       0       0
DIV,R4 ,R2 ,R3      5       0       0       0
MUL,R4 ,R3 ,R3      6       0       0       0
LD ,R5 ,0xffffff32  7       0       0       0
LD ,R18,0x1         8       0       0       0
SUB,R5 ,R4 ,R2      9       0       0       0
SUB,R1 ,R1 ,R18     10      0       0       0
ADD,R2 ,R4 ,R2      11      0       0       0
DIV,R4 ,R2 ,R3      12      0       0       0
MUL,R4 ,R3 ,R3      13      0       0       0
LD ,R5 ,0xffffff30  14      0       0       0
LD ,R18,0x1         15      0       0       0
SUB,R5 ,R4 ,R2      16      0       0       0
SUB,R1 ,R1 ,R18     17      0       0       0
LD ,R5 ,0xffffff2e  18      0       0       0
LD ,R18,0x1         19      0       0       0
SUB,R5 ,R4 ,R2      20      0       0       0
DIV,R4 ,R2 ,R3      21      0       0       0
MUL,R4 ,R3 ,R3      22      0       0       0
LD ,R5 ,0xffffff2c  23      0       0       0
LD ,R18,0x1         24      0       0       0
SUB,R5 ,R4 ,R2      25      0       0       0
SUB,R1 ,R1 ,R18     26      0       0       0
ADD,R2 ,R4 ,R2      27      0       0       0
---------------------------------------------------------------------
Reservation Station
      Busy    Vj          Vk          Qj        Qk
Ars1  No 
Ars2  No 
Ars3  No 
Ars4  No 
Ars5  No 
Ars6  No 
Mrs1  No 
Mrs2  No 
Mrs3  No 
---------------------------------------------------------------------
Load Buffer:
     Busy     Address
LB1  Yes      0xc
LB2  Yes      0xffff3c6f
LB3  No 
---------------------------------------------------------------------
Register:
R0: 0 R1: LB1 R2: LB2 R3: 0 R4: 0 R5: 0 R6: 0 R7: 0 
R8: 0 R9: 0 R10: 0 R11: 0 R12: 0 R13: 0 R14: 0 R15: 0 
R16: 0 R17: 0 R18: 0 R19: 0 R20: 0 R21: 0 R22: 0 R23: 0 
R24: 0 R25: 0 R26: 0 R27: 0 R28: 0 R29: 0 R30: 0 R31: 0 
************************************************************************
System Clock: 3
---------------------------------------------------------------------
Instruction:
                    ID      IS      EX      WB
LD ,R1 ,0xc         0       1       0       0
LD ,R2 ,0xffff3c6f  1       2       0       0
LD ,R3 ,0xfffffffa  2       3       0       0
LD ,R4 ,0x0         3       0       0       0
ADD,R2 ,R4 ,R2      4       0       0       0
DIV,R4 ,R2 ,R3      5       0       0       0
MUL,R4 ,R3 ,R3      6       0       0       0
LD ,R5 ,0xffffff32  7       0       0       0
LD ,R18,0x1         8       0       0       0
SUB,R5 ,R4 ,R2      9       0       0       0
SUB,R1 ,R1 ,R18     10      0       0       0
ADD,R2 ,R4 ,R2      11      0       0       0
DIV,R4 ,R2 ,R3      12      0       0       0
MUL,R4 ,R3 ,R3      13      0       0       0
LD ,R5 ,0xffffff30  14      0       0       0
LD ,R18,0x1         15      0       0       0
SUB,R5 ,R4 ,R2      16      0       0       0
SUB,R1 ,R1 ,R18     17      0       0       0
LD ,R5 ,0xffffff2e  18      0       0       0
LD ,R18,0x1         19      0       0       0
SUB,R5 ,R4 ,R2      20      0       0       0
DIV,R4 ,R2 ,R3      21      0       0       0
MUL,R4 ,R3 ,R3      22      0       0       0
LD ,R5 ,0xffffff2c  23      0       0       0
LD ,R18,0x1         24      0       0       0
SUB,R5 ,R4 ,R2      25      0       0       0
SUB,R1 ,R1 ,R18     26      0       0       0
ADD,R2 ,R4 ,R2      27      0       0       0
---------------------------------------------------------------------
Reservation Station
      Busy    Vj          Vk          Qj        Qk
Ars1  No 
Ars2  No 
Ars3  No 
Ars4  No 
Ars5  No 
Ars6  No 
Mrs1  No 
Mrs2  No 
Mrs3  No 
---------------------------------------------------------------------
Load Buffer:
     Busy     Address
LB1  Yes      0xc
LB2  Yes      0xffff3c6f
LB3  Yes      0xfffffffa
---------------------------------------------------------------------
Register:
R0: 0 R1: LB1 R2: LB2 R3: LB3 R4: 0 R5: 0 R6: 0 R7: 0 
R8: 0 R9: 0 R10: 0 R11: 0 R12: 0 R13: 0 R14: 0 R15: 0 
R16: 0 R17: 0 R18: 0 R19: 0 R20: 0 R21: 0 R22: 0 R23: 0 
R24: 0 R25: 0 R26: 0 R27: 0 R28: 0 R29: 0 R30: 0 R31: 0 
************************************************************************
System Clock: 4
---------------------------------------------------------------------
Instruction:
                    ID      IS      EX      WB
LD ,R1 ,0xc         0       1       4       0
LD ,R2 ,0xffff3c6f  1       2       0       0
LD ,R3 ,0xfffffffa  2       3       0       0
LD ,R4 ,0x0         3       0       0       0
ADD,R2 ,R4 ,R2      4       0       0       0
DIV,R4 ,R2 ,R3      5       0       0       0
MUL,R4 ,R3 ,R3      6       0       0       0
LD ,R5 ,0xffffff32  7       0       0       0
LD ,R18,0x1         8       0       0       0
SUB,R5 ,R4 ,R2      9       0       0       0
SUB,R1 ,R1 ,R18     10      0       0       0
ADD,R2 ,R4 ,R2      11      0       0       0
DIV,R4 ,R2 ,R3      12      0       0       0
MUL,R4 ,R3 ,R3      13      0       0       0
LD ,R5 ,0xffffff30  14      0       0       0
LD ,R18,0x1         15      0       0       0
SUB,R5 ,R4 ,R2      16      0       0       0
SUB,R1 ,R1 ,R18     17      0       0       0
LD ,R5 ,0xffffff2e  18      0       0       0
LD ,R18,0x1         19      0       0       0
SUB,R5 ,R4 ,R2      20      0       0       0
DIV,R4 ,R2 ,R3      21      0       0       0
MUL,R4 ,R3 ,R3      22      0       0       0
LD ,R5 ,0xffffff2c  23      0       0       0
LD ,R18,0x1         24      0       0       0
SUB,R5 ,R4 ,R2      25      0       0       0
SUB,R1 ,R1 ,R18     26      0       0       0
ADD,R2 ,R4 ,R2      27      0       0       0
---------------------------------------------------------------------
Reservation Station
      Busy    Vj          Vk          Qj        Qk
Ars1  No 
Ars2  No 
Ars3  No 
Ars4  No 
Ars5  No 
Ars6  No 
Mrs1  No 
Mrs2  No 
Mrs3  No 
---------------------------------------------------------------------
Load Buffer:
     Busy     Address
LB1  Yes      0xc
LB2  Yes      0xffff3c6f
LB3  Yes      0xfffffffa
---------------------------------------------------------------------
Register:
R0: 0 R1: LB1 R2: LB2 R3: LB3 R4: 0 R5: 0 R6: 0 R7: 0 
R8: 0 R9: 0 R10: 0 R11: 0 R12: 0 R13: 0 R14: 0 R15: 0 
R16: 0 R17: 0 R18: 0 R19: 0 R20: 0 R21: 0 R22: 0 R23: 0 
R24: 0 R25: 0 R26: 0 R27: 0 R28: 0 R29: 0 R30: 0 R31: 0 
************************************************************************
System Clock: 5
---------------------------------------------------------------------
Instruction:
                    ID      IS      EX      WB
LD ,R1 ,0xc         0       1       4       0
LD ,R2 ,0xffff3c6f  1       2       5       0
LD ,R3 ,0xfffffffa  2       3       0       0
LD ,R4 ,0x0         3       0       0       0
ADD,R2 ,R4 ,R2      4       0       0       0
DIV,R4 ,R2 ,R3      5       0       0       0
MUL,R4 ,R3 ,R3      6       0       0       0
LD ,R5 ,0xffffff32  7       0       0       0
LD ,R18,0x1         8       0       0       0
SUB,R5 ,R4 ,R2      9       0       0       0
SUB,R1 ,R1 ,R18     10      0       0       0
ADD,R2 ,R4 ,R2      11      0       0       0
DIV,R4 ,R2 ,R3      12      0       0       0
MUL,R4 ,R3 ,R3      13      0       0       0
LD ,R5 ,0xffffff30  14      0       0       0
LD ,R18,0x1         15      0       0       0
SUB,R5 ,R4 ,R2      16      0       0       0
SUB,R1 ,R1 ,R18     17      0       0       0
LD ,R5 ,0xffffff2e  18      0       0       0
LD ,R18,0x1         19      0       0       0
SUB,R5 ,R4 ,R2      20      0       0       0
DIV,R4 ,R2 ,R3      21      0       0       0
MUL,R4 ,R3 ,R3      22      0       0       0
LD ,R5 ,0xffffff2c  23      0       0       0
LD ,R18,0x1         24      0       0       0
SUB,R5 ,R4 ,R2      25      0       0       0
SUB,R1 ,R1 ,R18     26      0       0       0
ADD,R2 ,R4 ,R2      27      0       0       0
---------------------------------------------------------------------
Reservation Station
      Busy    Vj          Vk          Qj        Qk
Ars1  No 
Ars2  No 
Ars3  No 
Ars4  No 
Ars5  No 
Ars6  No 
Mrs1  No 
Mrs2  No 
Mrs3  No 
---------------------------------------------------------------------
Load Buffer:
     Busy     Address
LB1  Yes      0xc
LB2  Yes      0xffff3c6f
LB3  Yes      0xfffffffa
---------------------------------------------------------------------
Register:
R0: 0 R1: LB1 R2: LB2 R3: LB3 R4: 0 R5: 0 R6: 0 R7: 0 
R8: 0 R9: 0 R10: 0 R11: 0 R12: 0 R13: 0 R14: 0 R15: 0 
R16: 0 R17: 0 R18: 0 R19: 0 R20: 0 R21: 0 R22: 0 R23: 0 
R24: 0 R25: 0 R26: 0 R27: 0 R28: 0 R29: 0 R30: 0 R31: 0 
************************************************************************
System Clock: 6
---------------------------------------------------------------------
Instruction:
                    ID      IS      EX      WB
LD ,R1 ,0xc         0       1       4       5
LD ,R2 ,0xffff3c6f  1       2       5       0
LD ,R3 ,0xfffffffa  2       3       0       0
LD ,R4 ,0x0         3       6       0       0
ADD,R2 ,R4 ,R2      4       0       0       0
DIV,R4 ,R2 ,R3      5       0       0       0
MUL,R4 ,R3 ,R3      6       0       0       0
LD ,R5 ,0xffffff32  7       0       0       0
LD ,R18,0x1         8       0       0       0
SUB,R5 ,R4 ,R2      9       0       0       0
SUB,R1 ,R1 ,R18     10      0       0       0
ADD,R2 ,R4 ,R2      11      0       0       0
DIV,R4 ,R2 ,R3      12      0       0       0
MUL,R4 ,R3 ,R3      13      0       0       0
LD ,R5 ,0xffffff30  14      0       0       0
LD ,R18,0x1         15      0       0       0
SUB,R5 ,R4 ,R2      16      0       0       0
SUB,R1 ,R1 ,R18     17      0       0       0
LD ,R5 ,0xffffff2e  18      0       0       0
LD ,R18,0x1         19      0       0       0
SUB,R5 ,R4 ,R2      20      0       0       0
DIV,R4 ,R2 ,R3      21      0       0       0
MUL,R4 ,R3 ,R3      22      0       0       0
LD ,R5 ,0xffffff2c  23      0       0       0
LD ,R18,0x1         24      0       0       0
SUB,R5 ,R4 ,R2      25      0       0       0
SUB,R1 ,R1 ,R18     26      0       0       0
ADD,R2 ,R4 ,R2      27      0       0       0
---------------------------------------------------------------------
Reservation Station
      Busy    Vj          Vk          Qj        Qk
Ars1  No 
Ars2  No 
Ars3  No 
Ars4  No 
Ars5  No 
Ars6  No 
Mrs1  No 
Mrs2  No 
Mrs3  No 
---------------------------------------------------------------------
Load Buffer:
     Busy     Address
LB1  Yes      0x0
LB2  Yes      0xffff3c6f
LB3  Yes      0xfffffffa
---------------------------------------------------------------------
Register:
R0: 0 R1: 12 R2: LB2 R3: LB3 R4: LB1 R5: 0 R6: 0 R7: 0 
R8: 0 R9: 0 R10: 0 R11: 0 R12: 0 R13: 0 R14: 0 R15: 0 
R16: 0 R17: 0 R18: 0 R19: 0 R20: 0 R21: 0 R22: 0 R23: 0 
R24: 0 R25: 0 R26: 0 R27: 0 R28: 0 R29: 0 R30: 0 R31: 0 
************************************************************************
System Clock: 7
---------------------------------------------------------------------
Instruction:
                    ID      IS      EX      WB
LD ,R1 ,0xc         0       1       4       5
LD ,R2 ,0xffff3c6f  1       2       5       6
LD ,R3 ,0xfffffffa  2       3       7       0
LD ,R4 ,0x0         3       6       0       0
ADD,R2 ,R4 ,R2      4       7       0       0
DIV,R4 ,R2 ,R3      5       0       0       0
MUL,R4 ,R3 ,R3      6       0       0       0
LD ,R5 ,0xffffff32  7       0       0       0
LD ,R18,0x1         8       0       0       0
SUB,R5 ,R4 ,R2      9       0       0       0
SUB,R1 ,R1 ,R18     10      0       0       0
ADD,R2 ,R4 ,R2      11      0       0       0
DIV,R4 ,R2 ,R3      12      0       0       0
MUL,R4 ,R3 ,R3      13      0       0       0
LD ,R5 ,0xffffff30  14      0       0       0
LD ,R18,0x1         15      0       0       0
SUB,R5 ,R4 ,R2      16      0       0       0
SUB,R1 ,R1 ,R18     17      0       0       0
LD ,R5 ,0xffffff2e  18      0       0       0
LD ,R18,0x1         19      0       0       0
SUB,R5 ,R4 ,R2      20      0       0       0
DIV,R4 ,R2 ,R3      21      0       0       0
MUL,R4 ,R3 ,R3      22      0       0       0
LD ,R5 ,0xffffff2c  23      0       0       0
LD ,R18,0x1         24      0       0       0
SUB,R5 ,R4 ,R2      25      0       0       0
SUB,R1 ,R1 ,R18     26      0       0       0
ADD,R2 ,R4 ,R2      27      0       0       0
---------------------------------------------------------------------
Reservation Station
      Busy    Vj          Vk          Qj        Qk
Ars1  Yes     0x0         0xffff3c6f  9         -1        
Ars2  No 
Ars3  No 
Ars4  No 
Ars5  No 
Ars6  No 
Mrs1  No 
Mrs2  No 
Mrs3  No 
---------------------------------------------------------------------
Load Buffer:
     Busy     Address
LB1  Yes      0x0
LB2  No 
LB3  Yes      0xfffffffa
---------------------------------------------------------------------
Register:
R0: 0 R1: 12 R2: Ars1 R3: LB3 R4: LB1 R5: 0 R6: 0 R7: 0 
R8: 0 R9: 0 R10: 0 R11: 0 R12: 0 R13: 0 R14: 0 R15: 0 
R16: 0 R17: 0 R18: 0 R19: 0 R20: 0 R21: 0 R22: 0 R23: 0 
R24: 0 R25: 0 R26: 0 R27: 0 R28: 0 R29: 0 R30: 0 R31: 0 
************************************************************************
System Clock: 8
---------------------------------------------------------------------
Instruction:
                    ID      IS      EX      WB
LD ,R1 ,0xc         0       1       4       5
LD ,R2 ,0xffff3c6f  1       2       5       6
LD ,R3 ,0xfffffffa  2       3       7       0
LD ,R4 ,0x0         3       6       0       0
ADD,R2 ,R4 ,R2      4       7       0       0
DIV,R4 ,R2 ,R3      5       8       0       0
MUL,R4 ,R3 ,R3      6       0       0       0
LD ,R5 ,0xffffff32  7       0       0       0
LD ,R18,0x1         8       0       0       0
SUB,R5 ,R4 ,R2      9       0       0       0
SUB,R1 ,R1 ,R18     10      0       0       0
ADD,R2 ,R4 ,R2      11      0       0       0
DIV,R4 ,R2 ,R3      12      0       0       0
MUL,R4 ,R3 ,R3      13      0       0       0
LD ,R5 ,0xffffff30  14      0       0       0
LD ,R18,0x1         15      0       0       0
SUB,R5 ,R4 ,R2      16      0       0       0
SUB,R1 ,R1 ,R18     17      0       0       0
LD ,R5 ,0xffffff2e  18      0       0       0
LD ,R18,0x1         19      0       0       0
SUB,R5 ,R4 ,R2      20      0       0       0
DIV,R4 ,R2 ,R3      21      0       0       0
MUL,R4 ,R3 ,R3      22      0       0       0
LD ,R5 ,0xffffff2c  23      0       0       0
LD ,R18,0x1         24      0       0       0
SUB,R5 ,R4 ,R2      25      0       0       0
SUB,R1 ,R1 ,R18     26      0       0       0
ADD,R2 ,R4 ,R2      27      0       0       0
---------------------------------------------------------------------
Reservation Station
      Busy    Vj          Vk          Qj        Qk
Ars1  Yes     0x0         0xffff3c6f  9         -1        
Ars2  No 
Ars3  No 
Ars4  No 
Ars5  No 
Ars6  No 
Mrs1  Yes     0x0         0x0         0         11        
Mrs2  No 
Mrs3  No 
---------------------------------------------------------------------
Load Buffer:
     Busy     Address
LB1  Yes      0x0
LB2  No 
LB3  Yes      0xfffffffa
---------------------------------------------------------------------
Register:
R0: 0 R1: 12 R2: Ars1 R3: LB3 R4: Mrs1 R5: 0 R6: 0 R7: 0 
R8: 0 R9: 0 R10: 0 R11: 0 R12: 0 R13: 0 R14: 0 R15: 0 
R16: 0 R17: 0 R18: 0 R19: 0 R20: 0 R21: 0 R22: 0 R23: 0 
R24: 0 R25: 0 R26: 0 R27: 0 R28: 0 R29: 0 R30: 0 R31: 0 
************************************************************************
System Clock: 9
---------------------------------------------------------------------
Instruction:
                    ID      IS      EX      WB
LD ,R1 ,0xc         0       1       4       5
LD ,R2 ,0xffff3c6f  1       2       5       6
LD ,R3 ,0xfffffffa  2       3       7       8
LD ,R4 ,0x0         3       6       9       0
ADD,R2 ,R4 ,R2      4       7       0       0
DIV,R4 ,R2 ,R3      5       8       0       0
MUL,R4 ,R3 ,R3      6       9       0       0
LD ,R5 ,0xffffff32  7       0       0       0
LD ,R18,0x1         8       0       0       0
SUB,R5 ,R4 ,R2      9       0       0       0
SUB,R1 ,R1 ,R18     10      0       0       0
ADD,R2 ,R4 ,R2      11      0       0       0
DIV,R4 ,R2 ,R3      12      0       0       0
MUL,R4 ,R3 ,R3      13      0       0       0
LD ,R5 ,0xffffff30  14      0       0       0
LD ,R18,0x1         15      0       0       0
SUB,R5 ,R4 ,R2      16      0       0       0
SUB,R1 ,R1 ,R18     17      0       0       0
LD ,R5 ,0xffffff2e  18      0       0       0
LD ,R18,0x1         19      0       0       0
SUB,R5 ,R4 ,R2      20      0       0       0
DIV,R4 ,R2 ,R3      21      0       0       0
MUL,R4 ,R3 ,R3      22      0       0       0
LD ,R5 ,0xffffff2c  23      0       0       0
LD ,R18,0x1         24      0       0       0
SUB,R5 ,R4 ,R2      25      0       0       0
SUB,R1 ,R1 ,R18     26      0       0       0
ADD,R2 ,R4 ,R2      27      0       0       0
---------------------------------------------------------------------
Reservation Station
      Busy    Vj          Vk          Qj        Qk
Ars1  Yes     0x0         0xffff3c6f  9         -1        
Ars2  No 
Ars3  No 
Ars4  No 
Ars5  No 
Ars6  No 
Mrs1  Yes     0x0         0xfffffffa  0         -1        
Mrs2  Yes     0xfffffffa  0xfffffffa  -1        -1        
Mrs3  No 
---------------------------------------------------------------------
Load Buffer:
     Busy     Address
LB1  Yes      0x0
LB2  No 
LB3  No 
---------------------------------------------------------------------
Register:
R0: 0 R1: 12 R2: Ars1 R3: -6 R4: Mrs2 R5: 0 R6: 0 R7: 0 
R8: 0 R9: 0 R10: 0 R11: 0 R12: 0 R13: 0 R14: 0 R15: 0 
R16: 0 R17: 0 R18: 0 R19: 0 R20: 0 R21: 0 R22: 0 R23: 0 
R24: 0 R25: 0 R26: 0 R27: 0 R28: 0 R29: 0 R30: 0 R31: 0 
************************************************************************
System Clock: 10
---------------------------------------------------------------------
Instruction:
                    ID      IS      EX      WB
LD ,R1 ,0xc         0       1       4       5
LD ,R2 ,0xffff3c6f  1       2       5       6
LD ,R3 ,0xfffffffa  2       3       7       8
LD ,R4 ,0x0         3       6       9       0
ADD,R2 ,R4 ,R2      4       7       0       0
DIV,R4 ,R2 ,R3      5       8       0       0
MUL,R4 ,R3 ,R3      6       9       0       0
LD ,R5 ,0xffffff32  7       10      0       0
LD ,R18,0x1         8       0       0       0
SUB,R5 ,R4 ,R2      9       0       0       0
SUB,R1 ,R1 ,R18     10      0       0       0
ADD,R2 ,R4 ,R2      11      0       0       0
DIV,R4 ,R2 ,R3      12      0       0       0
MUL,R4 ,R3 ,R3      13      0       0       0
LD ,R5 ,0xffffff30  14      0       0       0
LD ,R18,0x1         15      0       0       0
SUB,R5 ,R4 ,R2      16      0       0       0
SUB,R1 ,R1 ,R18     17      0       0       0
LD ,R5 ,0xffffff2e  18      0       0       0
LD ,R18,0x1         19      0       0       0
SUB,R5 ,R4 ,R2      20      0       0       0
DIV,R4 ,R2 ,R3      21      0       0       0
MUL,R4 ,R3 ,R3      22      0       0       0
LD ,R5 ,0xffffff2c  23      0       0       0
LD ,R18,0x1         24      0       0       0
SUB,R5 ,R4 ,R2      25      0       0       0
SUB,R1 ,R1 ,R18     26      0       0       0
ADD,R2 ,R4 ,R2      27      0       0       0
---------------------------------------------------------------------
Reservation Station
      Busy    Vj          Vk          Qj        Qk
Ars1  Yes     0x0         0xffff3c6f  9         -1        
Ars2  No 
Ars3  No 
Ars4  No 
Ars5  No 
Ars6  No 
Mrs1  Yes     0x0         0xfffffffa  0         -1        
Mrs2  Yes     0xfffffffa  0xfffffffa  -1        -1        
Mrs3  No 
---------------------------------------------------------------------
Load Buffer:
     Busy     Address
LB1  Yes      0x0
LB2  Yes      0xffffff32
LB3  No 
---------------------------------------------------------------------
Register:
R0: 0 R1: 12 R2: Ars1 R3: -6 R4: Mrs2 R5: LB2 R6: 0 R7: 0 
R8: 0 R9: 0 R10: 0 R11: 0 R12: 0 R13: 0 R14: 0 R15: 0 
R16: 0 R17: 0 R18: 0 R19: 0 R20: 0 R21: 0 R22: 0 R23: 0 
R24: 0 R25: 0 R26: 0 R27: 0 R28: 0 R29: 0 R30: 0 R31: 0 
************************************************************************
System Clock: 11
---------------------------------------------------------------------
Instruction:
                    ID      IS      EX      WB
LD ,R1 ,0xc         0       1       4       5
LD ,R2 ,0xffff3c6f  1       2       5       6
LD ,R3 ,0xfffffffa  2       3       7       8
LD ,R4 ,0x0         3       6       9       10
ADD,R2 ,R4 ,R2      4       7       0       0
DIV,R4 ,R2 ,R3      5       8       0       0
MUL,R4 ,R3 ,R3      6       9       0       0
LD ,R5 ,0xffffff32  7       10      0       0
LD ,R18,0x1         8       11      0       0
SUB,R5 ,R4 ,R2      9       0       0       0
SUB,R1 ,R1 ,R18     10      0       0       0
ADD,R2 ,R4 ,R2      11      0       0       0
DIV,R4 ,R2 ,R3      12      0       0       0
MUL,R4 ,R3 ,R3      13      0       0       0
LD ,R5 ,0xffffff30  14      0       0       0
LD ,R18,0x1         15      0       0       0
SUB,R5 ,R4 ,R2      16      0       0       0
SUB,R1 ,R1 ,R18     17      0       0       0
LD ,R5 ,0xffffff2e  18      0       0       0
LD ,R18,0x1         19      0       0       0
SUB,R5 ,R4 ,R2      20      0       0       0
DIV,R4 ,R2 ,R3      21      0       0       0
MUL,R4 ,R3 ,R3      22      0       0       0
LD ,R5 ,0xffffff2c  23      0       0       0
LD ,R18,0x1         24      0       0       0
SUB,R5 ,R4 ,R2      25      0       0       0
SUB,R1 ,R1 ,R18     26      0       0       0
ADD,R2 ,R4 ,R2      27      0       0       0
---------------------------------------------------------------------
Reservation Station
      Busy    Vj          Vk          Qj        Qk
Ars1  Yes     0x0         0xffff3c6f  -1        -1        
Ars2  No 
Ars3  No 
Ars4  No 
Ars5  No 
Ars6  No 
Mrs1  Yes     0x0         0xfffffffa  0         -1        
Mrs2  Yes     0xfffffffa  0xfffffffa  -1        -1        
Mrs3  No 
---------------------------------------------------------------------
Load Buffer:
     Busy     Address
LB1  Yes      0x1
LB2  Yes      0xffffff32
LB3  No 
---------------------------------------------------------------------
Register:
R0: 0 R1: 12 R2: Ars1 R3: -6 R4: Mrs2 R5: LB2 R6: 0 R7: 0 
R8: 0 R9: 0 R10: 0 R11: 0 R12: 0 R13: 0 R14: 0 R15: 0 
R16: 0 R17: 0 R18: LB1 R19: 0 R20: 0 R21: 0 R22: 0 R23: 0 
R24: 0 R25: 0 R26: 0 R27: 0 R28: 0 R29: 0 R30: 0 R31: 0 
************************************************************************
System Clock: 12
---------------------------------------------------------------------
Instruction:
                    ID      IS      EX      WB
LD ,R1 ,0xc         0       1       4       5
LD ,R2 ,0xffff3c6f  1       2       5       6
LD ,R3 ,0xfffffffa  2       3       7       8
LD ,R4 ,0x0         3       6       9       10
ADD,R2 ,R4 ,R2      4       7       0       0
DIV,R4 ,R2 ,R3      5       8       0       0
MUL,R4 ,R3 ,R3      6       9       0       0
LD ,R5 ,0xffffff32  7       10      0       0
LD ,R18,0x1         8       11      0       0
SUB,R5 ,R4 ,R2      9       12      0       0
SUB,R1 ,R1 ,R18     10      0       0       0
ADD,R2 ,R4 ,R2      11      0       0       0
DIV,R4 ,R2 ,R3      12      0       0       0
MUL,R4 ,R3 ,R3      13      0       0       0
LD ,R5 ,0xffffff30  14      0       0       0
LD ,R18,0x1         15      0       0       0
SUB,R5 ,R4 ,R2      16      0       0       0
SUB,R1 ,R1 ,R18     17      0       0       0
LD ,R5 ,0xffffff2e  18      0       0       0
LD ,R18,0x1         19      0       0       0
SUB,R5 ,R4 ,R2      20      0       0       0
DIV,R4 ,R2 ,R3      21      0       0       0
MUL,R4 ,R3 ,R3      22      0       0       0
LD ,R5 ,0xffffff2c  23      0       0       0
LD ,R18,0x1         24      0       0       0
SUB,R5 ,R4 ,R2      25      0       0       0
SUB,R1 ,R1 ,R18     26      0       0       0
ADD,R2 ,R4 ,R2      27      0       0       0
---------------------------------------------------------------------
Reservation Station
      Busy    Vj          Vk          Qj        Qk
Ars1  Yes     0x0         0xffff3c6f  -1        -1        
Ars2  Yes     0x0         0x0         7         0         
Ars3  No 
Ars4  No 
Ars5  No 
Ars6  No 
Mrs1  Yes     0x0         0xfffffffa  0         -1        
Mrs2  Yes     0xfffffffa  0xfffffffa  -1        -1        
Mrs3  No 
---------------------------------------------------------------------
Load Buffer:
     Busy     Address
LB1  Yes      0x1
LB2  Yes      0xffffff32
LB3  No 
---------------------------------------------------------------------
Register:
R0: 0 R1: 12 R2: Ars1 R3: -6 R4: Mrs2 R5: Ars2 R6: 0 R7: 0 
R8: 0 R9: 0 R10: 0 R11: 0 R12: 0 R13: 0 R14: 0 R15: 0 
R16: 0 R17: 0 R18: LB1 R19: 0 R20: 0 R21: 0 R22: 0 R23: 0 
R24: 0 R25: 0 R26: 0 R27: 0 R28: 0 R29: 0 R30: 0 R31: 0 
************************************************************************
System Clock: 13
---------------------------------------------------------------------
Instruction:
                    ID      IS      EX      WB
LD ,R1 ,0xc         0       1       4       5
LD ,R2 ,0xffff3c6f  1       2       5       6
LD ,R3 ,0xfffffffa  2       3       7       8
LD ,R4 ,0x0         3       6       9       10
ADD,R2 ,R4 ,R2      4       7       13      0
DIV,R4 ,R2 ,R3      5       8       0       0
MUL,R4 ,R3 ,R3      6       9       13      0
LD ,R5 ,0xffffff32  7       10      13      0
LD ,R18,0x1         8       11      0       0
SUB,R5 ,R4 ,R2      9       12      0       0
SUB,R1 ,R1 ,R18     10      13      0       0
ADD,R2 ,R4 ,R2      11      0       0       0
DIV,R4 ,R2 ,R3      12      0       0       0
MUL,R4 ,R3 ,R3      13      0       0       0
LD ,R5 ,0xffffff30  14      0       0       0
LD ,R18,0x1         15      0       0       0
SUB,R5 ,R4 ,R2      16      0       0       0
SUB,R1 ,R1 ,R18     17      0       0       0
LD ,R5 ,0xffffff2e  18      0       0       0
LD ,R18,0x1         19      0       0       0
SUB,R5 ,R4 ,R2      20      0       0       0
DIV,R4 ,R2 ,R3      21      0       0       0
MUL,R4 ,R3 ,R3      22      0       0       0
LD ,R5 ,0xffffff2c  23      0       0       0
LD ,R18,0x1         24      0       0       0
SUB,R5 ,R4 ,R2      25      0       0       0
SUB,R1 ,R1 ,R18     26      0       0       0
ADD,R2 ,R4 ,R2      27      0       0       0
---------------------------------------------------------------------
Reservation Station
      Busy    Vj          Vk          Qj        Qk
Ars1  Yes     0x0         0xffff3c6f  -1        -1        
Ars2  Yes     0x0         0x0         7         0         
Ars3  Yes     0xc         0x0         -1        9         
Ars4  No 
Ars5  No 
Ars6  No 
Mrs1  Yes     0x0         0xfffffffa  0         -1        
Mrs2  Yes     0xfffffffa  0xfffffffa  -1        -1        
Mrs3  No 
---------------------------------------------------------------------
Load Buffer:
     Busy     Address
LB1  Yes      0x1
LB2  Yes      0xffffff32
LB3  No 
---------------------------------------------------------------------
Register:
R0: 0 R1: Ars3 R2: Ars1 R3: -6 R4: Mrs2 R5: Ars2 R6: 0 R7: 0 
R8: 0 R9: 0 R10: 0 R11: 0 R12: 0 R13: 0 R14: 0 R15: 0 
R16: 0 R17: 0 R18: LB1 R19: 0 R20: 0 R21: 0 R22: 0 R23: 0 
R24: 0 R25: 0 R26: 0 R27: 0 R28: 0 R29: 0 R30: 0 R31: 0 
************************************************************************
System Clock: 14
---------------------------------------------------------------------
Instruction:
                    ID      IS      EX      WB
LD ,R1 ,0xc         0       1       4       5
LD ,R2 ,0xffff3c6f  1       2       5       6
LD ,R3 ,0xfffffffa  2       3       7       8
LD ,R4 ,0x0         3       6       9       10
ADD,R2 ,R4 ,R2      4       7       13      0
DIV,R4 ,R2 ,R3      5       8       0       0
MUL,R4 ,R3 ,R3      6       9       13      0
LD ,R5 ,0xffffff32  7       10      13      0
LD ,R18,0x1         8       11      14      0
SUB,R5 ,R4 ,R2      9       12      0       0
SUB,R1 ,R1 ,R18     10      13      0       0
ADD,R2 ,R4 ,R2      11      14      0       0
DIV,R4 ,R2 ,R3      12      0       0       0
MUL,R4 ,R3 ,R3      13      0       0       0
LD ,R5 ,0xffffff30  14      0       0       0
LD ,R18,0x1         15      0       0       0
SUB,R5 ,R4 ,R2      16      0       0       0
SUB,R1 ,R1 ,R18     17      0       0       0
LD ,R5 ,0xffffff2e  18      0       0       0
LD ,R18,0x1         19      0       0       0
SUB,R5 ,R4 ,R2      20      0       0       0
DIV,R4 ,R2 ,R3      21      0       0       0
MUL,R4 ,R3 ,R3      22      0       0       0
LD ,R5 ,0xffffff2c  23      0       0       0
LD ,R18,0x1         24      0       0       0
SUB,R5 ,R4 ,R2      25      0       0       0
SUB,R1 ,R1 ,R18     26      0       0       0
ADD,R2 ,R4 ,R2      27      0       0       0
---------------------------------------------------------------------
Reservation Station
      Busy    Vj          Vk          Qj        Qk
Ars1  Yes     0x0         0xffff3c6f  -1        -1        
Ars2  Yes     0x0         0x0         7         0         
Ars3  Yes     0xc         0x0         -1        9         
Ars4  Yes     0x0         0x0         7         0         
Ars5  No 
Ars6  No 
Mrs1  Yes     0x0         0xfffffffa  0         -1        
Mrs2  Yes     0xfffffffa  0xfffffffa  -1        -1        
Mrs3  No 
---------------------------------------------------------------------
Load Buffer:
     Busy     Address
LB1  Yes      0x1
LB2  Yes      0xffffff32
LB3  No 
---------------------------------------------------------------------
Register:
R0: 0 R1: Ars3 R2: Ars4 R3: -6 R4: Mrs2 R5: Ars2 R6: 0 R7: 0 
R8: 0 R9: 0 R10: 0 R11: 0 R12: 0 R13: 0 R14: 0 R15: 0 
R16: 0 R17: 0 R18: LB1 R19: 0 R20: 0 R21: 0 R22: 0 R23: 0 
R24: 0 R25: 0 R26: 0 R27: 0 R28: 0 R29: 0 R30: 0 R31: 0 
************************************************************************
System Clock: 15
---------------------------------------------------------------------
Instruction:
                    ID      IS      EX      WB
LD ,R1 ,0xc         0       1       4       5
LD ,R2 ,0xffff3c6f  1       2       5       6
LD ,R3 ,0xfffffffa  2       3       7       8
LD ,R4 ,0x0         3       6       9       10
ADD,R2 ,R4 ,R2      4       7       13      14
DIV,R4 ,R2 ,R3      5       8       0       0
MUL,R4 ,R3 ,R3      6       9       13      14
LD ,R5 ,0xffffff32  7       10      13      14
LD ,R18,0x1         8       11      14      0
SUB,R5 ,R4 ,R2      9       12      0       0
SUB,R1 ,R1 ,R18     10      13      0       0
ADD,R2 ,R4 ,R2      11      14      0       0
DIV,R4 ,R2 ,R3      12      15      0       0
MUL,R4 ,R3 ,R3      13      0       0       0
LD ,R5 ,0xffffff30  14      0       0       0
LD ,R18,0x1         15      0       0       0
SUB,R5 ,R4 ,R2      16      0       0       0
SUB,R1 ,R1 ,R18     17      0       0       0
LD ,R5 ,0xffffff2e  18      0       0       0
LD ,R18,0x1         19      0       0       0
SUB,R5 ,R4 ,R2      20      0       0       0
DIV,R4 ,R2 ,R3      21      0       0       0
MUL,R4 ,R3 ,R3      22      0       0       0
LD ,R5 ,0xffffff2c  23      0       0       0
LD ,R18,0x1         24      0       0       0
SUB,R5 ,R4 ,R2      25      0       0       0
SUB,R1 ,R1 ,R18     26      0       0       0
ADD,R2 ,R4 ,R2      27      0       0       0
---------------------------------------------------------------------
Reservation Station
      Busy    Vj          Vk          Qj        Qk
Ars1  No 
Ars2  Yes     0x24        0xffff3c6f  -1        -1        
Ars3  Yes     0xc         0x0         -1        9         
Ars4  Yes     0x24        0xffff3c6f  -1        -1        
Ars5  No 
Ars6  No 
Mrs1  Yes     0xffff3c6f  0xfffffffa  -1        -1        
Mrs2  Yes     0x0         0xfffffffa  3         -1        
Mrs3  No 
---------------------------------------------------------------------
Load Buffer:
     Busy     Address
LB1  Yes      0x1
LB2  No 
LB3  No 
---------------------------------------------------------------------
Register:
R0: 0 R1: Ars3 R2: Ars4 R3: -6 R4: Mrs2 R5: Ars2 R6: 0 R7: 0 
R8: 0 R9: 0 R10: 0 R11: 0 R12: 0 R13: 0 R14: 0 R15: 0 
R16: 0 R17: 0 R18: LB1 R19: 0 R20: 0 R21: 0 R22: 0 R23: 0 
R24: 0 R25: 0 R26: 0 R27: 0 R28: 0 R29: 0 R30: 0 R31: 0 
************************************************************************
System Clock: 16
---------------------------------------------------------------------
Instruction:
                    ID      IS      EX      WB
LD ,R1 ,0xc         0       1       4       5
LD ,R2 ,0xffff3c6f  1       2       5       6
LD ,R3 ,0xfffffffa  2       3       7       8
LD ,R4 ,0x0         3       6       9       10
ADD,R2 ,R4 ,R2      4       7       13      14
DIV,R4 ,R2 ,R3      5       8       0       0
MUL,R4 ,R3 ,R3      6       9       13      14
LD ,R5 ,0xffffff32  7       10      13      14
LD ,R18,0x1         8       11      14      15
SUB,R5 ,R4 ,R2      9       12      0       0
SUB,R1 ,R1 ,R18     10      13      0       0
ADD,R2 ,R4 ,R2      11      14      0       0
DIV,R4 ,R2 ,R3      12      15      0       0
MUL,R4 ,R3 ,R3      13      16      0       0
LD ,R5 ,0xffffff30  14      0       0       0
LD ,R18,0x1         15      0       0       0
SUB,R5 ,R4 ,R2      16      0       0       0
SUB,R1 ,R1 ,R18     17      0       0       0
LD ,R5 ,0xffffff2e  18      0       0       0
LD ,R18,0x1         19      0       0       0
SUB,R5 ,R4 ,R2      20      0       0       0
DIV,R4 ,R2 ,R3      21      0       0       0
MUL,R4 ,R3 ,R3      22      0       0       0
LD ,R5 ,0xffffff2c  23      0       0       0
LD ,R18,0x1         24      0       0       0
SUB,R5 ,R4 ,R2      25      0       0       0
SUB,R1 ,R1 ,R18     26      0       0       0
ADD,R2 ,R4 ,R2      27      0       0       0
---------------------------------------------------------------------
Reservation Station
      Busy    Vj          Vk          Qj        Qk
Ars1  No 
Ars2  Yes     0x24        0xffff3c6f  -1        -1        
Ars3  Yes     0xc         0x1         -1        -1        
Ars4  Yes     0x24        0xffff3c6f  -1        -1        
Ars5  No 
Ars6  No 
Mrs1  Yes     0xffff3c6f  0xfffffffa  -1        -1        
Mrs2  Yes     0x0         0xfffffffa  3         -1        
Mrs3  Yes     0xfffffffa  0xfffffffa  -1        -1        
---------------------------------------------------------------------
Load Buffer:
     Busy     Address
LB1  No 
LB2  No 
LB3  No 
---------------------------------------------------------------------
Register:
R0: 0 R1: Ars3 R2: Ars4 R3: -6 R4: Mrs3 R5: Ars2 R6: 0 R7: 0 
R8: 0 R9: 0 R10: 0 R11: 0 R12: 0 R13: 0 R14: 0 R15: 0 
R16: 0 R17: 0 R18: 1 R19: 0 R20: 0 R21: 0 R22: 0 R23: 0 
R24: 0 R25: 0 R26: 0 R27: 0 R28: 0 R29: 0 R30: 0 R31: 0 
************************************************************************
System Clock: 17
---------------------------------------------------------------------
Instruction:
                    ID      IS      EX      WB
LD ,R1 ,0xc         0       1       4       5
LD ,R2 ,0xffff3c6f  1       2       5       6
LD ,R3 ,0xfffffffa  2       3       7       8
LD ,R4 ,0x0         3       6       9       10
ADD,R2 ,R4 ,R2      4       7       13      14
DIV,R4 ,R2 ,R3      5       8       0       0
MUL,R4 ,R3 ,R3      6       9       13      14
LD ,R5 ,0xffffff32  7       10      13      14
LD ,R18,0x1         8       11      14      15
SUB,R5 ,R4 ,R2      9       12      17      0
SUB,R1 ,R1 ,R18     10      13      0       0
ADD,R2 ,R4 ,R2      11      14      17      0
DIV,R4 ,R2 ,R3      12      15      0       0
MUL,R4 ,R3 ,R3      13      16      0       0
LD ,R5 ,0xffffff30  14      17      0       0
LD ,R18,0x1         15      0       0       0
SUB,R5 ,R4 ,R2      16      0       0       0
SUB,R1 ,R1 ,R18     17      0       0       0
LD ,R5 ,0xffffff2e  18      0       0       0
LD ,R18,0x1         19      0       0       0
SUB,R5 ,R4 ,R2      20      0       0       0
DIV,R4 ,R2 ,R3      21      0       0       0
MUL,R4 ,R3 ,R3      22      0       0       0
LD ,R5 ,0xffffff2c  23      0       0       0
LD ,R18,0x1         24      0       0       0
SUB,R5 ,R4 ,R2      25      0       0       0
SUB,R1 ,R1 ,R18     26      0       0       0
ADD,R2 ,R4 ,R2      27      0       0       0
---------------------------------------------------------------------
Reservation Station
      Busy    Vj          Vk          Qj        Qk
Ars1  No 
Ars2  Yes     0x24        0xffff3c6f  -1        -1        
Ars3  Yes     0xc         0x1         -1        -1        
Ars4  Yes     0x24        0xffff3c6f  -1        -1        
Ars5  No 
Ars6  No 
Mrs1  Yes     0xffff3c6f  0xfffffffa  -1        -1        
Mrs2  Yes     0x0         0xfffffffa  3         -1        
Mrs3  Yes     0xfffffffa  0xfffffffa  -1        -1        
---------------------------------------------------------------------
Load Buffer:
     Busy     Address
LB1  Yes      0xffffff30
LB2  No 
LB3  No 
---------------------------------------------------------------------
Register:
R0: 0 R1: Ars3 R2: Ars4 R3: -6 R4: Mrs3 R5: LB1 R6: 0 R7: 0 
R8: 0 R9: 0 R10: 0 R11: 0 R12: 0 R13: 0 R14: 0 R15: 0 
R16: 0 R17: 0 R18: 1 R19: 0 R20: 0 R21: 0 R22: 0 R23: 0 
R24: 0 R25: 0 R26: 0 R27: 0 R28: 0 R29: 0 R30: 0 R31: 0 
************************************************************************
System Clock: 18
---------------------------------------------------------------------
Instruction:
                    ID      IS      EX      WB
LD ,R1 ,0xc         0       1       4       5
LD ,R2 ,0xffff3c6f  1       2       5       6
LD ,R3 ,0xfffffffa  2       3       7       8
LD ,R4 ,0x0         3       6       9       10
ADD,R2 ,R4 ,R2      4       7       13      14
DIV,R4 ,R2 ,R3      5       8       18      0
MUL,R4 ,R3 ,R3      6       9       13      14
LD ,R5 ,0xffffff32  7       10      13      14
LD ,R18,0x1         8       11      14      15
SUB,R5 ,R4 ,R2      9       12      17      0
SUB,R1 ,R1 ,R18     10      13      18      0
ADD,R2 ,R4 ,R2      11      14      17      0
DIV,R4 ,R2 ,R3      12      15      0       0
MUL,R4 ,R3 ,R3      13      16      0       0
LD ,R5 ,0xffffff30  14      17      0       0
LD ,R18,0x1         15      18      0       0
SUB,R5 ,R4 ,R2      16      0       0       0
SUB,R1 ,R1 ,R18     17      0       0       0
LD ,R5 ,0xffffff2e  18      0       0       0
LD ,R18,0x1         19      0       0       0
SUB,R5 ,R4 ,R2      20      0       0       0
DIV,R4 ,R2 ,R3      21      0       0       0
MUL,R4 ,R3 ,R3      22      0       0       0
LD ,R5 ,0xffffff2c  23      0       0       0
LD ,R18,0x1         24      0       0       0
SUB,R5 ,R4 ,R2      25      0       0       0
SUB,R1 ,R1 ,R18     26      0       0       0
ADD,R2 ,R4 ,R2      27      0       0       0
---------------------------------------------------------------------
Reservation Station
      Busy    Vj          Vk          Qj        Qk
Ars1  No 
Ars2  Yes     0x24        0xffff3c6f  -1        -1        
Ars3  Yes     0xc         0x1         -1        -1        
Ars4  Yes     0x24        0xffff3c6f  -1        -1        
Ars5  No 
Ars6  No 
Mrs1  Yes     0xffff3c6f  0xfffffffa  -1        -1        
Mrs2  Yes     0x0         0xfffffffa  3         -1        
Mrs3  Yes     0xfffffffa  0xfffffffa  -1        -1        
---------------------------------------------------------------------
Load Buffer:
     Busy     Address
LB1  Yes      0xffffff30
LB2  Yes      0x1
LB3  No 
---------------------------------------------------------------------
Register:
R0: 0 R1: Ars3 R2: Ars4 R3: -6 R4: Mrs3 R5: LB1 R6: 0 R7: 0 
R8: 0 R9: 0 R10: 0 R11: 0 R12: 0 R13: 0 R14: 0 R15: 0 
R16: 0 R17: 0 R18: LB2 R19: 0 R20: 0 R21: 0 R22: 0 R23: 0 
R24: 0 R25: 0 R26: 0 R27: 0 R28: 0 R29: 0 R30: 0 R31: 0 
************************************************************************
System Clock: 19
---------------------------------------------------------------------
Instruction:
                    ID      IS      EX      WB
LD ,R1 ,0xc         0       1       4       5
LD ,R2 ,0xffff3c6f  1       2       5       6
LD ,R3 ,0xfffffffa  2       3       7       8
LD ,R4 ,0x0         3       6       9       10
ADD,R2 ,R4 ,R2      4       7       13      14
DIV,R4 ,R2 ,R3      5       8       18      0
MUL,R4 ,R3 ,R3      6       9       13      14
LD ,R5 ,0xffffff32  7       10      13      14
LD ,R18,0x1         8       11      14      15
SUB,R5 ,R4 ,R2      9       12      17      18
SUB,R1 ,R1 ,R18     10      13      18      0
ADD,R2 ,R4 ,R2      11      14      17      18
DIV,R4 ,R2 ,R3      12      15      0       0
MUL,R4 ,R3 ,R3      13      16      0       0
LD ,R5 ,0xffffff30  14      17      0       0
LD ,R18,0x1         15      18      0       0
SUB,R5 ,R4 ,R2      16      19      0       0
SUB,R1 ,R1 ,R18     17      0       0       0
LD ,R5 ,0xffffff2e  18      0       0       0
LD ,R18,0x1         19      0       0       0
SUB,R5 ,R4 ,R2      20      0       0       0
DIV,R4 ,R2 ,R3      21      0       0       0
MUL,R4 ,R3 ,R3      22      0       0       0
LD ,R5 ,0xffffff2c  23      0       0       0
LD ,R18,0x1         24      0       0       0
SUB,R5 ,R4 ,R2      25      0       0       0
SUB,R1 ,R1 ,R18     26      0       0       0
ADD,R2 ,R4 ,R2      27      0       0       0
---------------------------------------------------------------------
Reservation Station
      Busy    Vj          Vk          Qj        Qk
Ars1  Yes     0xc3b5      0xffff3c93  8         -1        
Ars2  No 
Ars3  Yes     0xc         0x1         -1        -1        
Ars4  No 
Ars5  No 
Ars6  No 
Mrs1  Yes     0xffff3c6f  0xfffffffa  -1        -1        
Mrs2  Yes     0xffff3c93  0xfffffffa  -1        -1        
Mrs3  Yes     0xfffffffa  0xfffffffa  -1        -1        
---------------------------------------------------------------------
Load Buffer:
     Busy     Address
LB1  Yes      0xffffff30
LB2  Yes      0x1
LB3  No 
---------------------------------------------------------------------
Register:
R0: 0 R1: Ars3 R2: -50029 R3: -6 R4: Mrs3 R5: Ars1 R6: 0 R7: 0 
R8: 0 R9: 0 R10: 0 R11: 0 R12: 0 R13: 0 R14: 0 R15: 0 
R16: 0 R17: 0 R18: LB2 R19: 0 R20: 0 R21: 0 R22: 0 R23: 0 
R24: 0 R25: 0 R26: 0 R27: 0 R28: 0 R29: 0 R30: 0 R31: 0 
************************************************************************
System Clock: 20
---------------------------------------------------------------------
Instruction:
                    ID      IS      EX      WB
LD ,R1 ,0xc         0       1       4       5
LD ,R2 ,0xffff3c6f  1       2       5       6
LD ,R3 ,0xfffffffa  2       3       7       8
LD ,R4 ,0x0         3       6       9       10
ADD,R2 ,R4 ,R2      4       7       13      14
DIV,R4 ,R2 ,R3      5       8       18      19
MUL,R4 ,R3 ,R3      6       9       13      14
LD ,R5 ,0xffffff32  7       10      13      14
LD ,R18,0x1         8       11      14      15
SUB,R5 ,R4 ,R2      9       12      17      18
SUB,R1 ,R1 ,R18     10      13      18      19
ADD,R2 ,R4 ,R2      11      14      17      18
DIV,R4 ,R2 ,R3      12      15      0       0
MUL,R4 ,R3 ,R3      13      16      20      0
LD ,R5 ,0xffffff30  14      17      20      0
LD ,R18,0x1         15      18      0       0
SUB,R5 ,R4 ,R2      16      19      0       0
SUB,R1 ,R1 ,R18     17      20      0       0
LD ,R5 ,0xffffff2e  18      0       0       0
LD ,R18,0x1         19      0       0       0
SUB,R5 ,R4 ,R2      20      0       0       0
DIV,R4 ,R2 ,R3      21      0       0       0
MUL,R4 ,R3 ,R3      22      0       0       0
LD ,R5 ,0xffffff2c  23      0       0       0
LD ,R18,0x1         24      0       0       0
SUB,R5 ,R4 ,R2      25      0       0       0
SUB,R1 ,R1 ,R18     26      0       0       0
ADD,R2 ,R4 ,R2      27      0       0       0
---------------------------------------------------------------------
Reservation Station
      Busy    Vj          Vk          Qj        Qk
Ars1  Yes     0xc3b5      0xffff3c93  8         -1        
Ars2  Yes     0xb         0x0         -1        10        
Ars3  No 
Ars4  No 
Ars5  No 
Ars6  No 
Mrs1  No 
Mrs2  Yes     0xffff3c93  0xfffffffa  -1        -1        
Mrs3  Yes     0xfffffffa  0xfffffffa  -1        -1        
---------------------------------------------------------------------
Load Buffer:
     Busy     Address
LB1  Yes      0xffffff30
LB2  Yes      0x1
LB3  No 
---------------------------------------------------------------------
Register:
R0: 0 R1: Ars2 R2: -50029 R3: -6 R4: Mrs3 R5: Ars1 R6: 0 R7: 0 
R8: 0 R9: 0 R10: 0 R11: 0 R12: 0 R13: 0 R14: 0 R15: 0 
R16: 0 R17: 0 R18: LB2 R19: 0 R20: 0 R21: 0 R22: 0 R23: 0 
R24: 0 R25: 0 R26: 0 R27: 0 R28: 0 R29: 0 R30: 0 R31: 0 
************************************************************************
System Clock: 21
---------------------------------------------------------------------
Instruction:
                    ID      IS      EX      WB
LD ,R1 ,0xc         0       1       4       5
LD ,R2 ,0xffff3c6f  1       2       5       6
LD ,R3 ,0xfffffffa  2       3       7       8
LD ,R4 ,0x0         3       6       9       10
ADD,R2 ,R4 ,R2      4       7       13      14
DIV,R4 ,R2 ,R3      5       8       18      19
MUL,R4 ,R3 ,R3      6       9       13      14
LD ,R5 ,0xffffff32  7       10      13      14
LD ,R18,0x1         8       11      14      15
SUB,R5 ,R4 ,R2      9       12      17      18
SUB,R1 ,R1 ,R18     10      13      18      19
ADD,R2 ,R4 ,R2      11      14      17      18
DIV,R4 ,R2 ,R3      12      15      0       0
MUL,R4 ,R3 ,R3      13      16      20      0
LD ,R5 ,0xffffff30  14      17      20      0
LD ,R18,0x1         15      18      21      0
SUB,R5 ,R4 ,R2      16      19      0       0
SUB,R1 ,R1 ,R18     17      20      0       0
LD ,R5 ,0xffffff2e  18      21      0       0
LD ,R18,0x1         19      0       0       0
SUB,R5 ,R4 ,R2      20      0       0       0
DIV,R4 ,R2 ,R3      21      0       0       0
MUL,R4 ,R3 ,R3      22      0       0       0
LD ,R5 ,0xffffff2c  23      0       0       0
LD ,R18,0x1         24      0       0       0
SUB,R5 ,R4 ,R2      25      0       0       0
SUB,R1 ,R1 ,R18     26      0       0       0
ADD,R2 ,R4 ,R2      27      0       0       0
---------------------------------------------------------------------
Reservation Station
      Busy    Vj          Vk          Qj        Qk
Ars1  Yes     0xc3b5      0xffff3c93  8         -1        
Ars2  Yes     0xb         0x0         -1        10        
Ars3  No 
Ars4  No 
Ars5  No 
Ars6  No 
Mrs1  No 
Mrs2  Yes     0xffff3c93  0xfffffffa  -1        -1        
Mrs3  Yes     0xfffffffa  0xfffffffa  -1        -1        
---------------------------------------------------------------------
Load Buffer:
     Busy     Address
LB1  Yes      0xffffff30
LB2  Yes      0x1
LB3  Yes      0xffffff2e
---------------------------------------------------------------------
Register:
R0: 0 R1: Ars2 R2: -50029 R3: -6 R4: Mrs3 R5: LB3 R6: 0 R7: 0 
R8: 0 R9: 0 R10: 0 R11: 0 R12: 0 R13: 0 R14: 0 R15: 0 
R16: 0 R17: 0 R18: LB2 R19: 0 R20: 0 R21: 0 R22: 0 R23: 0 
R24: 0 R25: 0 R26: 0 R27: 0 R28: 0 R29: 0 R30: 0 R31: 0 
************************************************************************
System Clock: 22
---------------------------------------------------------------------
Instruction:
                    ID      IS      EX      WB
LD ,R1 ,0xc         0       1       4       5
LD ,R2 ,0xffff3c6f  1       2       5       6
LD ,R3 ,0xfffffffa  2       3       7       8
LD ,R4 ,0x0         3       6       9       10
ADD,R2 ,R4 ,R2      4       7       13      14
DIV,R4 ,R2 ,R3      5       8       18      19
MUL,R4 ,R3 ,R3      6       9       13      14
LD ,R5 ,0xffffff32  7       10      13      14
LD ,R18,0x1         8       11      14      15
SUB,R5 ,R4 ,R2      9       12      17      18
SUB,R1 ,R1 ,R18     10      13      18      19
ADD,R2 ,R4 ,R2      11      14      17      18
DIV,R4 ,R2 ,R3      12      15      22      0
MUL,R4 ,R3 ,R3      13      16      20      21
LD ,R5 ,0xffffff30  14      17      20      21
LD ,R18,0x1         15      18      21      0
SUB,R5 ,R4 ,R2      16      19      0       0
SUB,R1 ,R1 ,R18     17      20      0       0
LD ,R5 ,0xffffff2e  18      21      0       0
LD ,R18,0x1         19      22      0       0
SUB,R5 ,R4 ,R2      20      0       0       0
DIV,R4 ,R2 ,R3      21      0       0       0
MUL,R4 ,R3 ,R3      22      0       0       0
LD ,R5 ,0xffffff2c  23      0       0       0
LD ,R18,0x1         24      0       0       0
SUB,R5 ,R4 ,R2      25      0       0       0
SUB,R1 ,R1 ,R18     26      0       0       0
ADD,R2 ,R4 ,R2      27      0       0       0
---------------------------------------------------------------------
Reservation Station
      Busy    Vj          Vk          Qj        Qk
Ars1  Yes     0x24        0xffff3c93  -1        -1        
Ars2  Yes     0xb         0x0         -1        10        
Ars3  No 
Ars4  No 
Ars5  No 
Ars6  No 
Mrs1  No 
Mrs2  Yes     0xffff3c93  0xfffffffa  -1        -1        
Mrs3  No 
---------------------------------------------------------------------
Load Buffer:
     Busy     Address
LB1  Yes      0x1
LB2  Yes      0x1
LB3  Yes      0xffffff2e
---------------------------------------------------------------------
Register:
R0: 0 R1: Ars2 R2: -50029 R3: -6 R4: 36 R5: LB3 R6: 0 R7: 0 
R8: 0 R9: 0 R10: 0 R11: 0 R12: 0 R13: 0 R14: 0 R15: 0 
R16: 0 R17: 0 R18: LB1 R19: 0 R20: 0 R21: 0 R22: 0 R23: 0 
R24: 0 R25: 0 R26: 0 R27: 0 R28: 0 R29: 0 R30: 0 R31: 0 
************************************************************************
System Clock: 23
---------------------------------------------------------------------
Instruction:
                    ID      IS      EX      WB
LD ,R1 ,0xc         0       1       4       5
LD ,R2 ,0xffff3c6f  1       2       5       6
LD ,R3 ,0xfffffffa  2       3       7       8
LD ,R4 ,0x0         3       6       9       10
ADD,R2 ,R4 ,R2      4       7       13      14
DIV,R4 ,R2 ,R3      5       8       18      19
MUL,R4 ,R3 ,R3      6       9       13      14
LD ,R5 ,0xffffff32  7       10      13      14
LD ,R18,0x1         8       11      14      15
SUB,R5 ,R4 ,R2      9       12      17      18
SUB,R1 ,R1 ,R18     10      13      18      19
ADD,R2 ,R4 ,R2      11      14      17      18
DIV,R4 ,R2 ,R3      12      15      22      0
MUL,R4 ,R3 ,R3      13      16      20      21
LD ,R5 ,0xffffff30  14      17      20      21
LD ,R18,0x1         15      18      21      22
SUB,R5 ,R4 ,R2      16      19      0       0
SUB,R1 ,R1 ,R18     17      20      0       0
LD ,R5 ,0xffffff2e  18      21      0       0
LD ,R18,0x1         19      22      0       0
SUB,R5 ,R4 ,R2      20      23      0       0
DIV,R4 ,R2 ,R3      21      0       0       0
MUL,R4 ,R3 ,R3      22      0       0       0
LD ,R5 ,0xffffff2c  23      0       0       0
LD ,R18,0x1         24      0       0       0
SUB,R5 ,R4 ,R2      25      0       0       0
SUB,R1 ,R1 ,R18     26      0       0       0
ADD,R2 ,R4 ,R2      27      0       0       0
---------------------------------------------------------------------
Reservation Station
      Busy    Vj          Vk          Qj        Qk
Ars1  Yes     0x24        0xffff3c93  -1        -1        
Ars2  Yes     0xb         0x1         -1        -1        
Ars3  Yes     0x24        0xffff3c93  -1        -1        
Ars4  No 
Ars5  No 
Ars6  No 
Mrs1  No 
Mrs2  Yes     0xffff3c93  0xfffffffa  -1        -1        
Mrs3  No 
---------------------------------------------------------------------
Load Buffer:
     Busy     Address
LB1  Yes      0x1
LB2  No 
LB3  Yes      0xffffff2e
---------------------------------------------------------------------
Register:
R0: 0 R1: Ars2 R2: -50029 R3: -6 R4: 36 R5: Ars3 R6: 0 R7: 0 
R8: 0 R9: 0 R10: 0 R11: 0 R12: 0 R13: 0 R14: 0 R15: 0 
R16: 0 R17: 0 R18: LB1 R19: 0 R20: 0 R21: 0 R22: 0 R23: 0 
R24: 0 R25: 0 R26: 0 R27: 0 R28: 0 R29: 0 R30: 0 R31: 0 
************************************************************************
System Clock: 24
---------------------------------------------------------------------
Instruction:
                    ID      IS      EX      WB
LD ,R1 ,0xc         0       1       4       5
LD ,R2 ,0xffff3c6f  1       2       5       6
LD ,R3 ,0xfffffffa  2       3       7       8
LD ,R4 ,0x0         3       6       9       10
ADD,R2 ,R4 ,R2      4       7       13      14
DIV,R4 ,R2 ,R3      5       8       18      19
MUL,R4 ,R3 ,R3      6       9       13      14
LD ,R5 ,0xffffff32  7       10      13      14
LD ,R18,0x1         8       11      14      15
SUB,R5 ,R4 ,R2      9       12      17      18
SUB,R1 ,R1 ,R18     10      13      18      19
ADD,R2 ,R4 ,R2      11      14      17      18
DIV,R4 ,R2 ,R3      12      15      22      23
MUL,R4 ,R3 ,R3      13      16      20      21
LD ,R5 ,0xffffff30  14      17      20      21
LD ,R18,0x1         15      18      21      22
SUB,R5 ,R4 ,R2      16      19      24      0
SUB,R1 ,R1 ,R18     17      20      0       0
LD ,R5 ,0xffffff2e  18      21      24      0
LD ,R18,0x1         19      22      0       0
SUB,R5 ,R4 ,R2      20      23      0       0
DIV,R4 ,R2 ,R3      21      24      0       0
MUL,R4 ,R3 ,R3      22      0       0       0
LD ,R5 ,0xffffff2c  23      0       0       0
LD ,R18,0x1         24      0       0       0
SUB,R5 ,R4 ,R2      25      0       0       0
SUB,R1 ,R1 ,R18     26      0       0       0
ADD,R2 ,R4 ,R2      27      0       0       0
---------------------------------------------------------------------
Reservation Station
      Busy    Vj          Vk          Qj        Qk
Ars1  Yes     0x24        0xffff3c93  -1        -1        
Ars2  Yes     0xb         0x1         -1        -1        
Ars3  Yes     0x24        0xffff3c93  -1        -1        
Ars4  No 
Ars5  No 
Ars6  No 
Mrs1  Yes     0xffff3c93  0xfffffffa  -1        -1        
Mrs2  No 
Mrs3  No 
---------------------------------------------------------------------
Load Buffer:
     Busy     Address
LB1  Yes      0x1
LB2  No 
LB3  Yes      0xffffff2e
---------------------------------------------------------------------
Register:
R0: 0 R1: Ars2 R2: -50029 R3: -6 R4: Mrs1 R5: Ars3 R6: 0 R7: 0 
R8: 0 R9: 0 R10: 0 R11: 0 R12: 0 R13: 0 R14: 0 R15: 0 
R16: 0 R17: 0 R18: LB1 R19: 0 R20: 0 R21: 0 R22: 0 R23: 0 
R24: 0 R25: 0 R26: 0 R27: 0 R28: 0 R29: 0 R30: 0 R31: 0 
************************************************************************
System Clock: 25
---------------------------------------------------------------------
Instruction:
                    ID      IS      EX      WB
LD ,R1 ,0xc         0       1       4       5
LD ,R2 ,0xffff3c6f  1       2       5       6
LD ,R3 ,0xfffffffa  2       3       7       8
LD ,R4 ,0x0         3       6       9       10
ADD,R2 ,R4 ,R2      4       7       13      14
DIV,R4 ,R2 ,R3      5       8       18      19
MUL,R4 ,R3 ,R3      6       9       13      14
LD ,R5 ,0xffffff32  7       10      13      14
LD ,R18,0x1         8       11      14      15
SUB,R5 ,R4 ,R2      9       12      17      18
SUB,R1 ,R1 ,R18     10      13      18      19
ADD,R2 ,R4 ,R2      11      14      17      18
DIV,R4 ,R2 ,R3      12      15      22      23
MUL,R4 ,R3 ,R3      13      16      20      21
LD ,R5 ,0xffffff30  14      17      20      21
LD ,R18,0x1         15      18      21      22
SUB,R5 ,R4 ,R2      16      19      24      0
SUB,R1 ,R1 ,R18     17      20      25      0
LD ,R5 ,0xffffff2e  18      21      24      0
LD ,R18,0x1         19      22      25      0
SUB,R5 ,R4 ,R2      20      23      0       0
DIV,R4 ,R2 ,R3      21      24      0       0
MUL,R4 ,R3 ,R3      22      25      0       0
LD ,R5 ,0xffffff2c  23      0       0       0
LD ,R18,0x1         24      0       0       0
SUB,R5 ,R4 ,R2      25      0       0       0
SUB,R1 ,R1 ,R18     26      0       0       0
ADD,R2 ,R4 ,R2      27      0       0       0
---------------------------------------------------------------------
Reservation Station
      Busy    Vj          Vk          Qj        Qk
Ars1  Yes     0x24        0xffff3c93  -1        -1        
Ars2  Yes     0xb         0x1         -1        -1        
Ars3  Yes     0x24        0xffff3c93  -1        -1        
Ars4  No 
Ars5  No 
Ars6  No 
Mrs1  Yes     0xffff3c93  0xfffffffa  -1        -1        
Mrs2  Yes     0xfffffffa  0xfffffffa  -1        -1        
Mrs3  No 
---------------------------------------------------------------------
Load Buffer:
     Busy     Address
LB1  Yes      0x1
LB2  No 
LB3  Yes      0xffffff2e
---------------------------------------------------------------------
Register:
R0: 0 R1: Ars2 R2: -50029 R3: -6 R4: Mrs2 R5: Ars3 R6: 0 R7: 0 
R8: 0 R9: 0 R10: 0 R11: 0 R12: 0 R13: 0 R14: 0 R15: 0 
R16: 0 R17: 0 R18: LB1 R19: 0 R20: 0 R21: 0 R22: 0 R23: 0 
R24: 0 R25: 0 R26: 0 R27: 0 R28: 0 R29: 0 R30: 0 R31: 0 
************************************************************************
System Clock: 26
---------------------------------------------------------------------
Instruction:
                    ID      IS      EX      WB
LD ,R1 ,0xc         0       1       4       5
LD ,R2 ,0xffff3c6f  1       2       5       6
LD ,R3 ,0xfffffffa  2       3       7       8
LD ,R4 ,0x0         3       6       9       10
ADD,R2 ,R4 ,R2      4       7       13      14
DIV,R4 ,R2 ,R3      5       8       18      19
MUL,R4 ,R3 ,R3      6       9       13      14
LD ,R5 ,0xffffff32  7       10      13      14
LD ,R18,0x1         8       11      14      15
SUB,R5 ,R4 ,R2      9       12      17      18
SUB,R1 ,R1 ,R18     10      13      18      19
ADD,R2 ,R4 ,R2      11      14      17      18
DIV,R4 ,R2 ,R3      12      15      22      23
MUL,R4 ,R3 ,R3      13      16      20      21
LD ,R5 ,0xffffff30  14      17      20      21
LD ,R18,0x1         15      18      21      22
SUB,R5 ,R4 ,R2      16      19      24      25
SUB,R1 ,R1 ,R18     17      20      25      0
LD ,R5 ,0xffffff2e  18      21      24      25
LD ,R18,0x1         19      22      25      0
SUB,R5 ,R4 ,R2      20      23      26      0
DIV,R4 ,R2 ,R3      21      24      0       0
MUL,R4 ,R3 ,R3      22      25      0       0
LD ,R5 ,0xffffff2c  23      26      0       0
LD ,R18,0x1         24      0       0       0
SUB,R5 ,R4 ,R2      25      0       0       0
SUB,R1 ,R1 ,R18     26      0       0       0
ADD,R2 ,R4 ,R2      27      0       0       0
---------------------------------------------------------------------
Reservation Station
      Busy    Vj          Vk          Qj        Qk
Ars1  No 
Ars2  Yes     0xb         0x1         -1        -1        
Ars3  Yes     0x24        0xffff3c93  -1        -1        
Ars4  No 
Ars5  No 
Ars6  No 
Mrs1  Yes     0xffff3c93  0xfffffffa  -1        -1        
Mrs2  Yes     0xfffffffa  0xfffffffa  -1        -1        
Mrs3  No 
---------------------------------------------------------------------
Load Buffer:
     Busy     Address
LB1  Yes      0x1
LB2  Yes      0xffffff2c
LB3  No 
---------------------------------------------------------------------
Register:
R0: 0 R1: Ars2 R2: -50029 R3: -6 R4: Mrs2 R5: LB2 R6: 0 R7: 0 
R8: 0 R9: 0 R10: 0 R11: 0 R12: 0 R13: 0 R14: 0 R15: 0 
R16: 0 R17: 0 R18: LB1 R19: 0 R20: 0 R21: 0 R22: 0 R23: 0 
R24: 0 R25: 0 R26: 0 R27: 0 R28: 0 R29: 0 R30: 0 R31: 0 
************************************************************************
System Clock: 27
---------------------------------------------------------------------
Instruction:
                    ID      IS      EX      WB
LD ,R1 ,0xc         0       1       4       5
LD ,R2 ,0xffff3c6f  1       2       5       6
LD ,R3 ,0xfffffffa  2       3       7       8
LD ,R4 ,0x0         3       6       9       10
ADD,R2 ,R4 ,R2      4       7       13      14
DIV,R4 ,R2 ,R3      5       8       18      19
MUL,R4 ,R3 ,R3      6       9       13      14
LD ,R5 ,0xffffff32  7       10      13      14
LD ,R18,0x1         8       11      14      15
SUB,R5 ,R4 ,R2      9       12      17      18
SUB,R1 ,R1 ,R18     10      13      18      19
ADD,R2 ,R4 ,R2      11      14      17      18
DIV,R4 ,R2 ,R3      12      15      22      23
MUL,R4 ,R3 ,R3      13      16      20      21
LD ,R5 ,0xffffff30  14      17      20      21
LD ,R18,0x1         15      18      21      22
SUB,R5 ,R4 ,R2      16      19      24      25
SUB,R1 ,R1 ,R18     17      20      25      26
LD ,R5 ,0xffffff2e  18      21      24      25
LD ,R18,0x1         19      22      25      26
SUB,R5 ,R4 ,R2      20      23      26      0
DIV,R4 ,R2 ,R3      21      24      0       0
MUL,R4 ,R3 ,R3      22      25      0       0
LD ,R5 ,0xffffff2c  23      26      0       0
LD ,R18,0x1         24      27      0       0
SUB,R5 ,R4 ,R2      25      0       0       0
SUB,R1 ,R1 ,R18     26      0       0       0
ADD,R2 ,R4 ,R2      27      0       0       0
---------------------------------------------------------------------
Reservation Station
      Busy    Vj          Vk          Qj        Qk
Ars1  No 
Ars2  No 
Ars3  Yes     0x24        0xffff3c93  -1        -1        
Ars4  No 
Ars5  No 
Ars6  No 
Mrs1  Yes     0xffff3c93  0xfffffffa  -1        -1        
Mrs2  Yes     0xfffffffa  0xfffffffa  -1        -1        
Mrs3  No 
---------------------------------------------------------------------
Load Buffer:
     Busy     Address
LB1  Yes      0x1
LB2  Yes      0xffffff2c
LB3  No 
---------------------------------------------------------------------
Register:
R0: 0 R1: 10 R2: -50029 R3: -6 R4: Mrs2 R5: LB2 R6: 0 R7: 0 
R8: 0 R9: 0 R10: 0 R11: 0 R12: 0 R13: 0 R14: 0 R15: 0 
R16: 0 R17: 0 R18: LB1 R19: 0 R20: 0 R21: 0 R22: 0 R23: 0 
R24: 0 R25: 0 R26: 0 R27: 0 R28: 0 R29: 0 R30: 0 R31: 0 
************************************************************************
System Clock: 28
---------------------------------------------------------------------
Instruction:
                    ID      IS      EX      WB
LD ,R1 ,0xc         0       1       4       5
LD ,R2 ,0xffff3c6f  1       2       5       6
LD ,R3 ,0xfffffffa  2       3       7       8
LD ,R4 ,0x0         3       6       9       10
ADD,R2 ,R4 ,R2      4       7       13      14
DIV,R4 ,R2 ,R3      5       8       18      19
MUL,R4 ,R3 ,R3      6       9       13      14
LD ,R5 ,0xffffff32  7       10      13      14
LD ,R18,0x1         8       11      14      15
SUB,R5 ,R4 ,R2      9       12      17      18
SUB,R1 ,R1 ,R18     10      13      18      19
ADD,R2 ,R4 ,R2      11      14      17      18
DIV,R4 ,R2 ,R3      12      15      22      23
MUL,R4 ,R3 ,R3      13      16      20      21
LD ,R5 ,0xffffff30  14      17      20      21
LD ,R18,0x1         15      18      21      22
SUB,R5 ,R4 ,R2      16      19      24      25
SUB,R1 ,R1 ,R18     17      20      25      26
LD ,R5 ,0xffffff2e  18      21      24      25
LD ,R18,0x1         19      22      25      26
SUB,R5 ,R4 ,R2      20      23      26      27
DIV,R4 ,R2 ,R3      21      24      28      0
MUL,R4 ,R3 ,R3      22      25      0       0
LD ,R5 ,0xffffff2c  23      26      0       0
LD ,R18,0x1         24      27      0       0
SUB,R5 ,R4 ,R2      25      28      0       0
SUB,R1 ,R1 ,R18     26      0       0       0
ADD,R2 ,R4 ,R2      27      0       0       0
---------------------------------------------------------------------
Reservation Station
      Busy    Vj          Vk          Qj        Qk
Ars1  Yes     0xa         0xffff3c93  7         -1        
Ars2  No 
Ars3  No 
Ars4  No 
Ars5  No 
Ars6  No 
Mrs1  Yes     0xffff3c93  0xfffffffa  -1        -1        
Mrs2  Yes     0xfffffffa  0xfffffffa  -1        -1        
Mrs3  No 
---------------------------------------------------------------------
Load Buffer:
     Busy     Address
LB1  Yes      0x1
LB2  Yes      0xffffff2c
LB3  No 
---------------------------------------------------------------------
Register:
R0: 0 R1: 10 R2: -50029 R3: -6 R4: Mrs2 R5: Ars1 R6: 0 R7: 0 
R8: 0 R9: 0 R10: 0 R11: 0 R12: 0 R13: 0 R14: 0 R15: 0 
R16: 0 R17: 0 R18: LB1 R19: 0 R20: 0 R21: 0 R22: 0 R23: 0 
R24: 0 R25: 0 R26: 0 R27: 0 R28: 0 R29: 0 R30: 0 R31: 0 
************************************************************************
System Clock: 29
---------------------------------------------------------------------
Instruction:
                    ID      IS      EX      WB
LD ,R1 ,0xc         0       1       4       5
LD ,R2 ,0xffff3c6f  1       2       5       6
LD ,R3 ,0xfffffffa  2       3       7       8
LD ,R4 ,0x0         3       6       9       10
ADD,R2 ,R4 ,R2      4       7       13      14
DIV,R4 ,R2 ,R3      5       8       18      19
MUL,R4 ,R3 ,R3      6       9       13      14
LD ,R5 ,0xffffff32  7       10      13      14
LD ,R18,0x1         8       11      14      15
SUB,R5 ,R4 ,R2      9       12      17      18
SUB,R1 ,R1 ,R18     10      13      18      19
ADD,R2 ,R4 ,R2      11      14      17      18
DIV,R4 ,R2 ,R3      12      15      22      23
MUL,R4 ,R3 ,R3      13      16      20      21
LD ,R5 ,0xffffff30  14      17      20      21
LD ,R18,0x1         15      18      21      22
SUB,R5 ,R4 ,R2      16      19      24      25
SUB,R1 ,R1 ,R18     17      20      25      26
LD ,R5 ,0xffffff2e  18      21      24      25
LD ,R18,0x1         19      22      25      26
SUB,R5 ,R4 ,R2      20      23      26      27
DIV,R4 ,R2 ,R3      21      24      28      0
MUL,R4 ,R3 ,R3      22      25      29      0
LD ,R5 ,0xffffff2c  23      26      29      0
LD ,R18,0x1         24      27      0       0
SUB,R5 ,R4 ,R2      25      28      0       0
SUB,R1 ,R1 ,R18     26      29      0       0
ADD,R2 ,R4 ,R2      27      0       0       0
---------------------------------------------------------------------
Reservation Station
      Busy    Vj          Vk          Qj        Qk
Ars1  Yes     0xa         0xffff3c93  7         -1        
Ars2  Yes     0xa         0x0         -1        9         
Ars3  No 
Ars4  No 
Ars5  No 
Ars6  No 
Mrs1  Yes     0xffff3c93  0xfffffffa  -1        -1        
Mrs2  Yes     0xfffffffa  0xfffffffa  -1        -1        
Mrs3  No 
---------------------------------------------------------------------
Load Buffer:
     Busy     Address
LB1  Yes      0x1
LB2  Yes      0xffffff2c
LB3  No 
---------------------------------------------------------------------
Register:
R0: 0 R1: Ars2 R2: -50029 R3: -6 R4: Mrs2 R5: Ars1 R6: 0 R7: 0 
R8: 0 R9: 0 R10: 0 R11: 0 R12: 0 R13: 0 R14: 0 R15: 0 
R16: 0 R17: 0 R18: LB1 R19: 0 R20: 0 R21: 0 R22: 0 R23: 0 
R24: 0 R25: 0 R26: 0 R27: 0 R28: 0 R29: 0 R30: 0 R31: 0 
************************************************************************
System Clock: 30
---------------------------------------------------------------------
Instruction:
                    ID      IS      EX      WB
LD ,R1 ,0xc         0       1       4       5
LD ,R2 ,0xffff3c6f  1       2       5       6
LD ,R3 ,0xfffffffa  2       3       7       8
LD ,R4 ,0x0         3       6       9       10
ADD,R2 ,R4 ,R2      4       7       13      14
DIV,R4 ,R2 ,R3      5       8       18      19
MUL,R4 ,R3 ,R3      6       9       13      14
LD ,R5 ,0xffffff32  7       10      13      14
LD ,R18,0x1         8       11      14      15
SUB,R5 ,R4 ,R2      9       12      17      18
SUB,R1 ,R1 ,R18     10      13      18      19
ADD,R2 ,R4 ,R2      11      14      17      18
DIV,R4 ,R2 ,R3      12      15      22      23
MUL,R4 ,R3 ,R3      13      16      20      21
LD ,R5 ,0xffffff30  14      17      20      21
LD ,R18,0x1         15      18      21      22
SUB,R5 ,R4 ,R2      16      19      24      25
SUB,R1 ,R1 ,R18     17      20      25      26
LD ,R5 ,0xffffff2e  18      21      24      25
LD ,R18,0x1         19      22      25      26
SUB,R5 ,R4 ,R2      20      23      26      27
DIV,R4 ,R2 ,R3      21      24      28      29
MUL,R4 ,R3 ,R3      22      25      29      0
LD ,R5 ,0xffffff2c  23      26      29      0
LD ,R18,0x1         24      27      30      0
SUB,R5 ,R4 ,R2      25      28      0       0
SUB,R1 ,R1 ,R18     26      29      0       0
ADD,R2 ,R4 ,R2      27      30      0       0
---------------------------------------------------------------------
Reservation Station
      Busy    Vj          Vk          Qj        Qk
Ars1  Yes     0xa         0xffff3c93  7         -1        
Ars2  Yes     0xa         0x0         -1        9         
Ars3  Yes     0x0         0xffff3c93  7         -1        
Ars4  No 
Ars5  No 
Ars6  No 
Mrs1  No 
Mrs2  Yes     0xfffffffa  0xfffffffa  -1        -1        
Mrs3  No 
---------------------------------------------------------------------
Load Buffer:
     Busy     Address
LB1  Yes      0x1
LB2  Yes      0xffffff2c
LB3  No 
---------------------------------------------------------------------
Register:
R0: 0 R1: Ars2 R2: Ars3 R3: -6 R4: Mrs2 R5: Ars1 R6: 0 R7: 0 
R8: 0 R9: 0 R10: 0 R11: 0 R12: 0 R13: 0 R14: 0 R15: 0 
R16: 0 R17: 0 R18: LB1 R19: 0 R20: 0 R21: 0 R22: 0 R23: 0 
R24: 0 R25: 0 R26: 0 R27: 0 R28: 0 R29: 0 R30: 0 R31: 0 
************************************************************************
System Clock: 31
---------------------------------------------------------------------
Instruction:
                    ID      IS      EX      WB
LD ,R1 ,0xc         0       1       4       5
LD ,R2 ,0xffff3c6f  1       2       5       6
LD ,R3 ,0xfffffffa  2       3       7       8
LD ,R4 ,0x0         3       6       9       10
ADD,R2 ,R4 ,R2      4       7       13      14
DIV,R4 ,R2 ,R3      5       8       18      19
MUL,R4 ,R3 ,R3      6       9       13      14
LD ,R5 ,0xffffff32  7       10      13      14
LD ,R18,0x1         8       11      14      15
SUB,R5 ,R4 ,R2      9       12      17      18
SUB,R1 ,R1 ,R18     10      13      18      19
ADD,R2 ,R4 ,R2      11      14      17      18
DIV,R4 ,R2 ,R3      12      15      22      23
MUL,R4 ,R3 ,R3      13      16      20      21
LD ,R5 ,0xffffff30  14      17      20      21
LD ,R18,0x1         15      18      21      22
SUB,R5 ,R4 ,R2      16      19      24      25
SUB,R1 ,R1 ,R18     17      20      25      26
LD ,R5 ,0xffffff2e  18      21      24      25
LD ,R18,0x1         19      22      25      26
SUB,R5 ,R4 ,R2      20      23      26      27
DIV,R4 ,R2 ,R3      21      24      28      29
MUL,R4 ,R3 ,R3      22      25      29      30
LD ,R5 ,0xffffff2c  23      26      29      30
LD ,R18,0x1         24      27      30      0
SUB,R5 ,R4 ,R2      25      28      0       0
SUB,R1 ,R1 ,R18     26      29      0       0
ADD,R2 ,R4 ,R2      27      30      0       0
---------------------------------------------------------------------
Reservation Station
      Busy    Vj          Vk          Qj        Qk
Ars1  Yes     0x24        0xffff3c93  -1        -1        
Ars2  Yes     0xa         0x0         -1        9         
Ars3  Yes     0x24        0xffff3c93  -1        -1        
Ars4  No 
Ars5  No 
Ars6  No 
Mrs1  No 
Mrs2  No 
Mrs3  No 
---------------------------------------------------------------------
Load Buffer:
     Busy     Address
LB1  Yes      0x1
LB2  No 
LB3  No 
---------------------------------------------------------------------
Register:
R0: 0 R1: Ars2 R2: Ars3 R3: -6 R4: 36 R5: Ars1 R6: 0 R7: 0 
R8: 0 R9: 0 R10: 0 R11: 0 R12: 0 R13: 0 R14: 0 R15: 0 
R16: 0 R17: 0 R18: LB1 R19: 0 R20: 0 R21: 0 R22: 0 R23: 0 
R24: 0 R25: 0 R26: 0 R27: 0 R28: 0 R29: 0 R30: 0 R31: 0 
************************************************************************
System Clock: 32
---------------------------------------------------------------------
Instruction:
                    ID      IS      EX      WB
LD ,R1 ,0xc         0       1       4       5
LD ,R2 ,0xffff3c6f  1       2       5       6
LD ,R3 ,0xfffffffa  2       3       7       8
LD ,R4 ,0x0         3       6       9       10
ADD,R2 ,R4 ,R2      4       7       13      14
DIV,R4 ,R2 ,R3      5       8       18      19
MUL,R4 ,R3 ,R3      6       9       13      14
LD ,R5 ,0xffffff32  7       10      13      14
LD ,R18,0x1         8       11      14      15
SUB,R5 ,R4 ,R2      9       12      17      18
SUB,R1 ,R1 ,R18     10      13      18      19
ADD,R2 ,R4 ,R2      11      14      17      18
DIV,R4 ,R2 ,R3      12      15      22      23
MUL,R4 ,R3 ,R3      13      16      20      21
LD ,R5 ,0xffffff30  14      17      20      21
LD ,R18,0x1         15      18      21      22
SUB,R5 ,R4 ,R2      16      19      24      25
SUB,R1 ,R1 ,R18     17      20      25      26
LD ,R5 ,0xffffff2e  18      21      24      25
LD ,R18,0x1         19      22      25      26
SUB,R5 ,R4 ,R2      20      23      26      27
DIV,R4 ,R2 ,R3      21      24      28      29
MUL,R4 ,R3 ,R3      22      25      29      30
LD ,R5 ,0xffffff2c  23      26      29      30
LD ,R18,0x1         24      27      30      31
SUB,R5 ,R4 ,R2      25      28      0       0
SUB,R1 ,R1 ,R18     26      29      0       0
ADD,R2 ,R4 ,R2      27      30      0       0
---------------------------------------------------------------------
Reservation Station
      Busy    Vj          Vk          Qj        Qk
Ars1  Yes     0x24        0xffff3c93  -1        -1        
Ars2  Yes     0xa         0x1         -1        -1        
Ars3  Yes     0x24        0xffff3c93  -1        -1        
Ars4  No 
Ars5  No 
Ars6  No 
Mrs1  No 
Mrs2  No 
Mrs3  No 
---------------------------------------------------------------------
Load Buffer:
     Busy     Address
LB1  No 
LB2  No 
LB3  No 
---------------------------------------------------------------------
Register:
R0: 0 R1: Ars2 R2: Ars3 R3: -6 R4: 36 R5: Ars1 R6: 0 R7: 0 
R8: 0 R9: 0 R10: 0 R11: 0 R12: 0 R13: 0 R14: 0 R15: 0 
R16: 0 R17: 0 R18: 1 R19: 0 R20: 0 R21: 0 R22: 0 R23: 0 
R24: 0 R25: 0 R26: 0 R27: 0 R28: 0 R29: 0 R30: 0 R31: 0 
************************************************************************
System Clock: 33
---------------------------------------------------------------------
Instruction:
                    ID      IS      EX      WB
LD ,R1 ,0xc         0       1       4       5
LD ,R2 ,0xffff3c6f  1       2       5       6
LD ,R3 ,0xfffffffa  2       3       7       8
LD ,R4 ,0x0         3       6       9       10
ADD,R2 ,R4 ,R2      4       7       13      14
DIV,R4 ,R2 ,R3      5       8       18      19
MUL,R4 ,R3 ,R3      6       9       13      14
LD ,R5 ,0xffffff32  7       10      13      14
LD ,R18,0x1         8       11      14      15
SUB,R5 ,R4 ,R2      9       12      17      18
SUB,R1 ,R1 ,R18     10      13      18      19
ADD,R2 ,R4 ,R2      11      14      17      18
DIV,R4 ,R2 ,R3      12      15      22      23
MUL,R4 ,R3 ,R3      13      16      20      21
LD ,R5 ,0xffffff30  14      17      20      21
LD ,R18,0x1         15      18      21      22
SUB,R5 ,R4 ,R2      16      19      24      25
SUB,R1 ,R1 ,R18     17      20      25      26
LD ,R5 ,0xffffff2e  18      21      24      25
LD ,R18,0x1         19      22      25      26
SUB,R5 ,R4 ,R2      20      23      26      27
DIV,R4 ,R2 ,R3      21      24      28      29
MUL,R4 ,R3 ,R3      22      25      29      30
LD ,R5 ,0xffffff2c  23      26      29      30
LD ,R18,0x1         24      27      30      31
SUB,R5 ,R4 ,R2      25      28      33      0
SUB,R1 ,R1 ,R18     26      29      0       0
ADD,R2 ,R4 ,R2      27      30      33      0
---------------------------------------------------------------------
Reservation Station
      Busy    Vj          Vk          Qj        Qk
Ars1  Yes     0x24        0xffff3c93  -1        -1        
Ars2  Yes     0xa         0x1         -1        -1        
Ars3  Yes     0x24        0xffff3c93  -1        -1        
Ars4  No 
Ars5  No 
Ars6  No 
Mrs1  No 
Mrs2  No 
Mrs3  No 
---------------------------------------------------------------------
Load Buffer:
     Busy     Address
LB1  No 
LB2  No 
LB3  No 
---------------------------------------------------------------------
Register:
R0: 0 R1: Ars2 R2: Ars3 R3: -6 R4: 36 R5: Ars1 R6: 0 R7: 0 
R8: 0 R9: 0 R10: 0 R11: 0 R12: 0 R13: 0 R14: 0 R15: 0 
R16: 0 R17: 0 R18: 1 R19: 0 R20: 0 R21: 0 R22: 0 R23: 0 
R24: 0 R25: 0 R26: 0 R27: 0 R28: 0 R29: 0 R30: 0 R31: 0 
************************************************************************
System Clock: 34
---------------------------------------------------------------------
Instruction:
                    ID      IS      EX      WB
LD ,R1 ,0xc         0       1       4       5
LD ,R2 ,0xffff3c6f  1       2       5       6
LD ,R3 ,0xfffffffa  2       3       7       8
LD ,R4 ,0x0         3       6       9       10
ADD,R2 ,R4 ,R2      4       7       13      14
DIV,R4 ,R2 ,R3      5       8       18      19
MUL,R4 ,R3 ,R3      6       9       13      14
LD ,R5 ,0xffffff32  7       10      13      14
LD ,R18,0x1         8       11      14      15
SUB,R5 ,R4 ,R2      9       12      17      18
SUB,R1 ,R1 ,R18     10      13      18      19
ADD,R2 ,R4 ,R2      11      14      17      18
DIV,R4 ,R2 ,R3      12      15      22      23
MUL,R4 ,R3 ,R3      13      16      20      21
LD ,R5 ,0xffffff30  14      17      20      21
LD ,R18,0x1         15      18      21      22
SUB,R5 ,R4 ,R2      16      19      24      25
SUB,R1 ,R1 ,R18     17      20      25      26
LD ,R5 ,0xffffff2e  18      21      24      25
LD ,R18,0x1         19      22      25      26
SUB,R5 ,R4 ,R2      20      23      26      27
DIV,R4 ,R2 ,R3      21      24      28      29
MUL,R4 ,R3 ,R3      22      25      29      30
LD ,R5 ,0xffffff2c  23      26      29      30
LD ,R18,0x1         24      27      30      31
SUB,R5 ,R4 ,R2      25      28      33      0
SUB,R1 ,R1 ,R18     26      29      34      0
ADD,R2 ,R4 ,R2      27      30      33      0
---------------------------------------------------------------------
Reservation Station
      Busy    Vj          Vk          Qj        Qk
Ars1  Yes     0x24        0xffff3c93  -1        -1        
Ars2  Yes     0xa         0x1         -1        -1        
Ars3  Yes     0x24        0xffff3c93  -1        -1        
Ars4  No 
Ars5  No 
Ars6  No 
Mrs1  No 
Mrs2  No 
Mrs3  No 
---------------------------------------------------------------------
Load Buffer:
     Busy     Address
LB1  No 
LB2  No 
LB3  No 
---------------------------------------------------------------------
Register:
R0: 0 R1: Ars2 R2: Ars3 R3: -6 R4: 36 R5: Ars1 R6: 0 R7: 0 
R8: 0 R9: 0 R10: 0 R11: 0 R12: 0 R13: 0 R14: 0 R15: 0 
R16: 0 R17: 0 R18: 1 R19: 0 R20: 0 R21: 0 R22: 0 R23: 0 
R24: 0 R25: 0 R26: 0 R27: 0 R28: 0 R29: 0 R30: 0 R31: 0 
************************************************************************
System Clock: 35
---------------------------------------------------------------------
Instruction:
                    ID      IS      EX      WB
LD ,R1 ,0xc         0       1       4       5
LD ,R2 ,0xffff3c6f  1       2       5       6
LD ,R3 ,0xfffffffa  2       3       7       8
LD ,R4 ,0x0         3       6       9       10
ADD,R2 ,R4 ,R2      4       7       13      14
DIV,R4 ,R2 ,R3      5       8       18      19
MUL,R4 ,R3 ,R3      6       9       13      14
LD ,R5 ,0xffffff32  7       10      13      14
LD ,R18,0x1         8       11      14      15
SUB,R5 ,R4 ,R2      9       12      17      18
SUB,R1 ,R1 ,R18     10      13      18      19
ADD,R2 ,R4 ,R2      11      14      17      18
DIV,R4 ,R2 ,R3      12      15      22      23
MUL,R4 ,R3 ,R3      13      16      20      21
LD ,R5 ,0xffffff30  14      17      20      21
LD ,R18,0x1         15      18      21      22
SUB,R5 ,R4 ,R2      16      19      24      25
SUB,R1 ,R1 ,R18     17      20      25      26
LD ,R5 ,0xffffff2e  18      21      24      25
LD ,R18,0x1         19      22      25      26
SUB,R5 ,R4 ,R2      20      23      26      27
DIV,R4 ,R2 ,R3      21      24      28      29
MUL,R4 ,R3 ,R3      22      25      29      30
LD ,R5 ,0xffffff2c  23      26      29      30
LD ,R18,0x1         24      27      30      31
SUB,R5 ,R4 ,R2      25      28      33      34
SUB,R1 ,R1 ,R18     26      29      34      0
ADD,R2 ,R4 ,R2      27      30      33      34
---------------------------------------------------------------------
Reservation Station
      Busy    Vj          Vk          Qj        Qk
Ars1  No 
Ars2  Yes     0xa         0x1         -1        -1        
Ars3  No 
Ars4  No 
Ars5  No 
Ars6  No 
Mrs1  No 
Mrs2  No 
Mrs3  No 
---------------------------------------------------------------------
Load Buffer:
     Busy     Address
LB1  No 
LB2  No 
LB3  No 
---------------------------------------------------------------------
Register:
R0: 0 R1: Ars2 R2: -49993 R3: -6 R4: 36 R5: 50065 R6: 0 R7: 0 
R8: 0 R9: 0 R10: 0 R11: 0 R12: 0 R13: 0 R14: 0 R15: 0 
R16: 0 R17: 0 R18: 1 R19: 0 R20: 0 R21: 0 R22: 0 R23: 0 
R24: 0 R25: 0 R26: 0 R27: 0 R28: 0 R29: 0 R30: 0 R31: 0 
************************************************************************
System Clock: 36
---------------------------------------------------------------------
Instruction:
                    ID      IS      EX      WB
LD ,R1 ,0xc         0       1       4       5
LD ,R2 ,0xffff3c6f  1       2       5       6
LD ,R3 ,0xfffffffa  2       3       7       8
LD ,R4 ,0x0         3       6       9       10
ADD,R2 ,R4 ,R2      4       7       13      14
DIV,R4 ,R2 ,R3      5       8       18      19
MUL,R4 ,R3 ,R3      6       9       13      14
LD ,R5 ,0xffffff32  7       10      13      14
LD ,R18,0x1         8       11      14      15
SUB,R5 ,R4 ,R2      9       12      17      18
SUB,R1 ,R1 ,R18     10      13      18      19
ADD,R2 ,R4 ,R2      11      14      17      18
DIV,R4 ,R2 ,R3      12      15      22      23
MUL,R4 ,R3 ,R3      13      16      20      21
LD ,R5 ,0xffffff30  14      17      20      21
LD ,R18,0x1         15      18      21      22
SUB,R5 ,R4 ,R2      16      19      24      25
SUB,R1 ,R1 ,R18     17      20      25      26
LD ,R5 ,0xffffff2e  18      21      24      25
LD ,R18,0x1         19      22      25      26
SUB,R5 ,R4 ,R2      20      23      26      27
DIV,R4 ,R2 ,R3      21      24      28      29
MUL,R4 ,R3 ,R3      22      25      29      30
LD ,R5 ,0xffffff2c  23      26      29      30
LD ,R18,0x1         24      27      30      31
SUB,R5 ,R4 ,R2      25      28      33      34
SUB,R1 ,R1 ,R18     26      29      34      35
ADD,R2 ,R4 ,R2      27      30      33      34
---------------------------------------------------------------------
Reservation Station
      Busy    Vj          Vk          Qj        Qk
Ars1  No 
Ars2  No 
Ars3  No 
Ars4  No 
Ars5  No 
Ars6  No 
Mrs1  No 
Mrs2  No 
Mrs3  No 
---------------------------------------------------------------------
Load Buffer:
     Busy     Address
LB1  No 
LB2  No 
LB3  No 
---------------------------------------------------------------------
Register:
R0: 0 R1: 9 R2: -49993 R3: -6 R4: 36 R5: 50065 R6: 0 R7: 0 
R8: 0 R9: 0 R10: 0 R11: 0 R12: 0 R13: 0 R14: 0 R15: 0 
R16: 0 R17: 0 R18: 1 R19: 0 R20: 0 R21: 0 R22: 0 R23: 0 
R24: 0 R25: 0 R26: 0 R27: 0 R28: 0 R29: 0 R30: 0 R31: 0 
************************************************************************
