System Clock: 0
---------------------------------------------------------------------
Instruction:
                 ID      IS      EX      WB
LD ,R6 ,0xd5     0       0       0       0
LD ,R2 ,0xd7     1       0       0       0
MUL,R0 ,R2 ,R4   2       0       0       0
SUB,R8 ,R6 ,R2   3       0       0       0
DIV,R10,R0 ,R6   4       0       0       0
ADD,R6 ,R8 ,R2   5       0       0       0
---------------------------------------------------------------------
Reservation Station
      Busy    Vj          Vk          Qj        Qk
Ars1  No 
Ars2  No 
Ars3  No 
Ars4  No 
Ars5  No 
Ars6  No 
Mrs1  No 
Mrs2  No 
Mrs3  No 
---------------------------------------------------------------------
Load Buffer:
     Busy     Address
LB1  No 
LB2  No 
LB3  No 
---------------------------------------------------------------------
Register:
R0: 0 R1: 0 R2: 0 R3: 0 R4: 0 R5: 0 R6: 0 R7: 0 
R8: 0 R9: 0 R10: 0 R11: 0 R12: 0 R13: 0 R14: 0 R15: 0 
R16: 0 R17: 0 R18: 0 R19: 0 R20: 0 R21: 0 R22: 0 R23: 0 
R24: 0 R25: 0 R26: 0 R27: 0 R28: 0 R29: 0 R30: 0 R31: 0 
************************************************************************
System Clock: 1
---------------------------------------------------------------------
Instruction:
                 ID      IS      EX      WB
LD ,R6 ,0xd5     0       1       0       0
LD ,R2 ,0xd7     1       0       0       0
MUL,R0 ,R2 ,R4   2       0       0       0
SUB,R8 ,R6 ,R2   3       0       0       0
DIV,R10,R0 ,R6   4       0       0       0
ADD,R6 ,R8 ,R2   5       0       0       0
---------------------------------------------------------------------
Reservation Station
      Busy    Vj          Vk          Qj        Qk
Ars1  No 
Ars2  No 
Ars3  No 
Ars4  No 
Ars5  No 
Ars6  No 
Mrs1  No 
Mrs2  No 
Mrs3  No 
---------------------------------------------------------------------
Load Buffer:
     Busy     Address
LB1  Yes      0xd5
LB2  No 
LB3  No 
---------------------------------------------------------------------
Register:
R0: 0 R1: 0 R2: 0 R3: 0 R4: 0 R5: 0 R6: LB1 R7: 0 
R8: 0 R9: 0 R10: 0 R11: 0 R12: 0 R13: 0 R14: 0 R15: 0 
R16: 0 R17: 0 R18: 0 R19: 0 R20: 0 R21: 0 R22: 0 R23: 0 
R24: 0 R25: 0 R26: 0 R27: 0 R28: 0 R29: 0 R30: 0 R31: 0 
************************************************************************
System Clock: 2
---------------------------------------------------------------------
Instruction:
                 ID      IS      EX      WB
LD ,R6 ,0xd5     0       1       0       0
LD ,R2 ,0xd7     1       2       0       0
MUL,R0 ,R2 ,R4   2       0       0       0
SUB,R8 ,R6 ,R2   3       0       0       0
DIV,R10,R0 ,R6   4       0       0       0
ADD,R6 ,R8 ,R2   5       0       0       0
---------------------------------------------------------------------
Reservation Station
      Busy    Vj          Vk          Qj        Qk
Ars1  No 
Ars2  No 
Ars3  No 
Ars4  No 
Ars5  No 
Ars6  No 
Mrs1  No 
Mrs2  No 
Mrs3  No 
---------------------------------------------------------------------
Load Buffer:
     Busy     Address
LB1  Yes      0xd5
LB2  Yes      0xd7
LB3  No 
---------------------------------------------------------------------
Register:
R0: 0 R1: 0 R2: LB2 R3: 0 R4: 0 R5: 0 R6: LB1 R7: 0 
R8: 0 R9: 0 R10: 0 R11: 0 R12: 0 R13: 0 R14: 0 R15: 0 
R16: 0 R17: 0 R18: 0 R19: 0 R20: 0 R21: 0 R22: 0 R23: 0 
R24: 0 R25: 0 R26: 0 R27: 0 R28: 0 R29: 0 R30: 0 R31: 0 
************************************************************************
System Clock: 3
---------------------------------------------------------------------
Instruction:
                 ID      IS      EX      WB
LD ,R6 ,0xd5     0       1       0       0
LD ,R2 ,0xd7     1       2       0       0
MUL,R0 ,R2 ,R4   2       3       0       0
SUB,R8 ,R6 ,R2   3       0       0       0
DIV,R10,R0 ,R6   4       0       0       0
ADD,R6 ,R8 ,R2   5       0       0       0
---------------------------------------------------------------------
Reservation Station
      Busy    Vj          Vk          Qj        Qk
Ars1  No 
Ars2  No 
Ars3  No 
Ars4  No 
Ars5  No 
Ars6  No 
Mrs1  Yes     0x0         0x0         10        -1        
Mrs2  No 
Mrs3  No 
---------------------------------------------------------------------
Load Buffer:
     Busy     Address
LB1  Yes      0xd5
LB2  Yes      0xd7
LB3  No 
---------------------------------------------------------------------
Register:
R0: Mrs1 R1: 0 R2: LB2 R3: 0 R4: 0 R5: 0 R6: LB1 R7: 0 
R8: 0 R9: 0 R10: 0 R11: 0 R12: 0 R13: 0 R14: 0 R15: 0 
R16: 0 R17: 0 R18: 0 R19: 0 R20: 0 R21: 0 R22: 0 R23: 0 
R24: 0 R25: 0 R26: 0 R27: 0 R28: 0 R29: 0 R30: 0 R31: 0 
************************************************************************
System Clock: 4
---------------------------------------------------------------------
Instruction:
                 ID      IS      EX      WB
LD ,R6 ,0xd5     0       1       4       0
LD ,R2 ,0xd7     1       2       0       0
MUL,R0 ,R2 ,R4   2       3       0       0
SUB,R8 ,R6 ,R2   3       4       0       0
DIV,R10,R0 ,R6   4       0       0       0
ADD,R6 ,R8 ,R2   5       0       0       0
---------------------------------------------------------------------
Reservation Station
      Busy    Vj          Vk          Qj        Qk
Ars1  Yes     0x0         0x0         9         10        
Ars2  No 
Ars3  No 
Ars4  No 
Ars5  No 
Ars6  No 
Mrs1  Yes     0x0         0x0         10        -1        
Mrs2  No 
Mrs3  No 
---------------------------------------------------------------------
Load Buffer:
     Busy     Address
LB1  Yes      0xd5
LB2  Yes      0xd7
LB3  No 
---------------------------------------------------------------------
Register:
R0: Mrs1 R1: 0 R2: LB2 R3: 0 R4: 0 R5: 0 R6: LB1 R7: 0 
R8: Ars1 R9: 0 R10: 0 R11: 0 R12: 0 R13: 0 R14: 0 R15: 0 
R16: 0 R17: 0 R18: 0 R19: 0 R20: 0 R21: 0 R22: 0 R23: 0 
R24: 0 R25: 0 R26: 0 R27: 0 R28: 0 R29: 0 R30: 0 R31: 0 
************************************************************************
System Clock: 5
---------------------------------------------------------------------
Instruction:
                 ID      IS      EX      WB
LD ,R6 ,0xd5     0       1       4       0
LD ,R2 ,0xd7     1       2       5       0
MUL,R0 ,R2 ,R4   2       3       0       0
SUB,R8 ,R6 ,R2   3       4       0       0
DIV,R10,R0 ,R6   4       5       0       0
ADD,R6 ,R8 ,R2   5       0       0       0
---------------------------------------------------------------------
Reservation Station
      Busy    Vj          Vk          Qj        Qk
Ars1  Yes     0x0         0x0         9         10        
Ars2  No 
Ars3  No 
Ars4  No 
Ars5  No 
Ars6  No 
Mrs1  Yes     0x0         0x0         10        -1        
Mrs2  Yes     0x0         0x0         6         9         
Mrs3  No 
---------------------------------------------------------------------
Load Buffer:
     Busy     Address
LB1  Yes      0xd5
LB2  Yes      0xd7
LB3  No 
---------------------------------------------------------------------
Register:
R0: Mrs1 R1: 0 R2: LB2 R3: 0 R4: 0 R5: 0 R6: LB1 R7: 0 
R8: Ars1 R9: 0 R10: Mrs2 R11: 0 R12: 0 R13: 0 R14: 0 R15: 0 
R16: 0 R17: 0 R18: 0 R19: 0 R20: 0 R21: 0 R22: 0 R23: 0 
R24: 0 R25: 0 R26: 0 R27: 0 R28: 0 R29: 0 R30: 0 R31: 0 
************************************************************************
System Clock: 6
---------------------------------------------------------------------
Instruction:
                 ID      IS      EX      WB
LD ,R6 ,0xd5     0       1       4       5
LD ,R2 ,0xd7     1       2       5       0
MUL,R0 ,R2 ,R4   2       3       0       0
SUB,R8 ,R6 ,R2   3       4       0       0
DIV,R10,R0 ,R6   4       5       0       0
ADD,R6 ,R8 ,R2   5       6       0       0
---------------------------------------------------------------------
Reservation Station
      Busy    Vj          Vk          Qj        Qk
Ars1  Yes     0xd5        0x0         -1        10        
Ars2  Yes     0x0         0x0         0         10        
Ars3  No 
Ars4  No 
Ars5  No 
Ars6  No 
Mrs1  Yes     0x0         0x0         10        -1        
Mrs2  Yes     0x0         0xd5        6         -1        
Mrs3  No 
---------------------------------------------------------------------
Load Buffer:
     Busy     Address
LB1  No 
LB2  Yes      0xd7
LB3  No 
---------------------------------------------------------------------
Register:
R0: Mrs1 R1: 0 R2: LB2 R3: 0 R4: 0 R5: 0 R6: Ars2 R7: 0 
R8: Ars1 R9: 0 R10: Mrs2 R11: 0 R12: 0 R13: 0 R14: 0 R15: 0 
R16: 0 R17: 0 R18: 0 R19: 0 R20: 0 R21: 0 R22: 0 R23: 0 
R24: 0 R25: 0 R26: 0 R27: 0 R28: 0 R29: 0 R30: 0 R31: 0 
************************************************************************
System Clock: 7
---------------------------------------------------------------------
Instruction:
                 ID      IS      EX      WB
LD ,R6 ,0xd5     0       1       4       5
LD ,R2 ,0xd7     1       2       5       6
MUL,R0 ,R2 ,R4   2       3       0       0
SUB,R8 ,R6 ,R2   3       4       0       0
DIV,R10,R0 ,R6   4       5       0       0
ADD,R6 ,R8 ,R2   5       6       0       0
---------------------------------------------------------------------
Reservation Station
      Busy    Vj          Vk          Qj        Qk
Ars1  Yes     0xd5        0xd7        -1        -1        
Ars2  Yes     0x0         0xd7        0         -1        
Ars3  No 
Ars4  No 
Ars5  No 
Ars6  No 
Mrs1  Yes     0xd7        0x0         -1        -1        
Mrs2  Yes     0x0         0xd5        6         -1        
Mrs3  No 
---------------------------------------------------------------------
Load Buffer:
     Busy     Address
LB1  No 
LB2  No 
LB3  No 
---------------------------------------------------------------------
Register:
R0: Mrs1 R1: 0 R2: 215 R3: 0 R4: 0 R5: 0 R6: Ars2 R7: 0 
R8: Ars1 R9: 0 R10: Mrs2 R11: 0 R12: 0 R13: 0 R14: 0 R15: 0 
R16: 0 R17: 0 R18: 0 R19: 0 R20: 0 R21: 0 R22: 0 R23: 0 
R24: 0 R25: 0 R26: 0 R27: 0 R28: 0 R29: 0 R30: 0 R31: 0 
************************************************************************
System Clock: 8
---------------------------------------------------------------------
Instruction:
                 ID      IS      EX      WB
LD ,R6 ,0xd5     0       1       4       5
LD ,R2 ,0xd7     1       2       5       6
MUL,R0 ,R2 ,R4   2       3       0       0
SUB,R8 ,R6 ,R2   3       4       0       0
DIV,R10,R0 ,R6   4       5       0       0
ADD,R6 ,R8 ,R2   5       6       0       0
---------------------------------------------------------------------
Reservation Station
      Busy    Vj          Vk          Qj        Qk
Ars1  Yes     0xd5        0xd7        -1        -1        
Ars2  Yes     0x0         0xd7        0         -1        
Ars3  No 
Ars4  No 
Ars5  No 
Ars6  No 
Mrs1  Yes     0xd7        0x0         -1        -1        
Mrs2  Yes     0x0         0xd5        6         -1        
Mrs3  No 
---------------------------------------------------------------------
Load Buffer:
     Busy     Address
LB1  No 
LB2  No 
LB3  No 
---------------------------------------------------------------------
Register:
R0: Mrs1 R1: 0 R2: 215 R3: 0 R4: 0 R5: 0 R6: Ars2 R7: 0 
R8: Ars1 R9: 0 R10: Mrs2 R11: 0 R12: 0 R13: 0 R14: 0 R15: 0 
R16: 0 R17: 0 R18: 0 R19: 0 R20: 0 R21: 0 R22: 0 R23: 0 
R24: 0 R25: 0 R26: 0 R27: 0 R28: 0 R29: 0 R30: 0 R31: 0 
************************************************************************
System Clock: 9
---------------------------------------------------------------------
Instruction:
                 ID      IS      EX      WB
LD ,R6 ,0xd5     0       1       4       5
LD ,R2 ,0xd7     1       2       5       6
MUL,R0 ,R2 ,R4   2       3       0       0
SUB,R8 ,R6 ,R2   3       4       9       0
DIV,R10,R0 ,R6   4       5       0       0
ADD,R6 ,R8 ,R2   5       6       0       0
---------------------------------------------------------------------
Reservation Station
      Busy    Vj          Vk          Qj        Qk
Ars1  Yes     0xd5        0xd7        -1        -1        
Ars2  Yes     0x0         0xd7        0         -1        
Ars3  No 
Ars4  No 
Ars5  No 
Ars6  No 
Mrs1  Yes     0xd7        0x0         -1        -1        
Mrs2  Yes     0x0         0xd5        6         -1        
Mrs3  No 
---------------------------------------------------------------------
Load Buffer:
     Busy     Address
LB1  No 
LB2  No 
LB3  No 
---------------------------------------------------------------------
Register:
R0: Mrs1 R1: 0 R2: 215 R3: 0 R4: 0 R5: 0 R6: Ars2 R7: 0 
R8: Ars1 R9: 0 R10: Mrs2 R11: 0 R12: 0 R13: 0 R14: 0 R15: 0 
R16: 0 R17: 0 R18: 0 R19: 0 R20: 0 R21: 0 R22: 0 R23: 0 
R24: 0 R25: 0 R26: 0 R27: 0 R28: 0 R29: 0 R30: 0 R31: 0 
************************************************************************
System Clock: 10
---------------------------------------------------------------------
Instruction:
                 ID      IS      EX      WB
LD ,R6 ,0xd5     0       1       4       5
LD ,R2 ,0xd7     1       2       5       6
MUL,R0 ,R2 ,R4   2       3       10      0
SUB,R8 ,R6 ,R2   3       4       9       0
DIV,R10,R0 ,R6   4       5       0       0
ADD,R6 ,R8 ,R2   5       6       0       0
---------------------------------------------------------------------
Reservation Station
      Busy    Vj          Vk          Qj        Qk
Ars1  Yes     0xd5        0xd7        -1        -1        
Ars2  Yes     0x0         0xd7        0         -1        
Ars3  No 
Ars4  No 
Ars5  No 
Ars6  No 
Mrs1  Yes     0xd7        0x0         -1        -1        
Mrs2  Yes     0x0         0xd5        6         -1        
Mrs3  No 
---------------------------------------------------------------------
Load Buffer:
     Busy     Address
LB1  No 
LB2  No 
LB3  No 
---------------------------------------------------------------------
Register:
R0: Mrs1 R1: 0 R2: 215 R3: 0 R4: 0 R5: 0 R6: Ars2 R7: 0 
R8: Ars1 R9: 0 R10: Mrs2 R11: 0 R12: 0 R13: 0 R14: 0 R15: 0 
R16: 0 R17: 0 R18: 0 R19: 0 R20: 0 R21: 0 R22: 0 R23: 0 
R24: 0 R25: 0 R26: 0 R27: 0 R28: 0 R29: 0 R30: 0 R31: 0 
************************************************************************
System Clock: 11
---------------------------------------------------------------------
Instruction:
                 ID      IS      EX      WB
LD ,R6 ,0xd5     0       1       4       5
LD ,R2 ,0xd7     1       2       5       6
MUL,R0 ,R2 ,R4   2       3       10      0
SUB,R8 ,R6 ,R2   3       4       9       10
DIV,R10,R0 ,R6   4       5       0       0
ADD,R6 ,R8 ,R2   5       6       0       0
---------------------------------------------------------------------
Reservation Station
      Busy    Vj          Vk          Qj        Qk
Ars1  No 
Ars2  Yes     0xfffffffe  0xd7        -1        -1        
Ars3  No 
Ars4  No 
Ars5  No 
Ars6  No 
Mrs1  Yes     0xd7        0x0         -1        -1        
Mrs2  Yes     0x0         0xd5        6         -1        
Mrs3  No 
---------------------------------------------------------------------
Load Buffer:
     Busy     Address
LB1  No 
LB2  No 
LB3  No 
---------------------------------------------------------------------
Register:
R0: Mrs1 R1: 0 R2: 215 R3: 0 R4: 0 R5: 0 R6: Ars2 R7: 0 
R8: -2 R9: 0 R10: Mrs2 R11: 0 R12: 0 R13: 0 R14: 0 R15: 0 
R16: 0 R17: 0 R18: 0 R19: 0 R20: 0 R21: 0 R22: 0 R23: 0 
R24: 0 R25: 0 R26: 0 R27: 0 R28: 0 R29: 0 R30: 0 R31: 0 
************************************************************************
System Clock: 12
---------------------------------------------------------------------
Instruction:
                 ID      IS      EX      WB
LD ,R6 ,0xd5     0       1       4       5
LD ,R2 ,0xd7     1       2       5       6
MUL,R0 ,R2 ,R4   2       3       10      11
SUB,R8 ,R6 ,R2   3       4       9       10
DIV,R10,R0 ,R6   4       5       0       0
ADD,R6 ,R8 ,R2   5       6       0       0
---------------------------------------------------------------------
Reservation Station
      Busy    Vj          Vk          Qj        Qk
Ars1  No 
Ars2  Yes     0xfffffffe  0xd7        -1        -1        
Ars3  No 
Ars4  No 
Ars5  No 
Ars6  No 
Mrs1  No 
Mrs2  Yes     0x0         0xd5        -1        -1        
Mrs3  No 
---------------------------------------------------------------------
Load Buffer:
     Busy     Address
LB1  No 
LB2  No 
LB3  No 
---------------------------------------------------------------------
Register:
R0: 0 R1: 0 R2: 215 R3: 0 R4: 0 R5: 0 R6: Ars2 R7: 0 
R8: -2 R9: 0 R10: Mrs2 R11: 0 R12: 0 R13: 0 R14: 0 R15: 0 
R16: 0 R17: 0 R18: 0 R19: 0 R20: 0 R21: 0 R22: 0 R23: 0 
R24: 0 R25: 0 R26: 0 R27: 0 R28: 0 R29: 0 R30: 0 R31: 0 
************************************************************************
System Clock: 13
---------------------------------------------------------------------
Instruction:
                 ID      IS      EX      WB
LD ,R6 ,0xd5     0       1       4       5
LD ,R2 ,0xd7     1       2       5       6
MUL,R0 ,R2 ,R4   2       3       10      11
SUB,R8 ,R6 ,R2   3       4       9       10
DIV,R10,R0 ,R6   4       5       0       0
ADD,R6 ,R8 ,R2   5       6       13      0
---------------------------------------------------------------------
Reservation Station
      Busy    Vj          Vk          Qj        Qk
Ars1  No 
Ars2  Yes     0xfffffffe  0xd7        -1        -1        
Ars3  No 
Ars4  No 
Ars5  No 
Ars6  No 
Mrs1  No 
Mrs2  Yes     0x0         0xd5        -1        -1        
Mrs3  No 
---------------------------------------------------------------------
Load Buffer:
     Busy     Address
LB1  No 
LB2  No 
LB3  No 
---------------------------------------------------------------------
Register:
R0: 0 R1: 0 R2: 215 R3: 0 R4: 0 R5: 0 R6: Ars2 R7: 0 
R8: -2 R9: 0 R10: Mrs2 R11: 0 R12: 0 R13: 0 R14: 0 R15: 0 
R16: 0 R17: 0 R18: 0 R19: 0 R20: 0 R21: 0 R22: 0 R23: 0 
R24: 0 R25: 0 R26: 0 R27: 0 R28: 0 R29: 0 R30: 0 R31: 0 
************************************************************************
System Clock: 14
---------------------------------------------------------------------
Instruction:
                 ID      IS      EX      WB
LD ,R6 ,0xd5     0       1       4       5
LD ,R2 ,0xd7     1       2       5       6
MUL,R0 ,R2 ,R4   2       3       10      11
SUB,R8 ,R6 ,R2   3       4       9       10
DIV,R10,R0 ,R6   4       5       0       0
ADD,R6 ,R8 ,R2   5       6       13      0
---------------------------------------------------------------------
Reservation Station
      Busy    Vj          Vk          Qj        Qk
Ars1  No 
Ars2  Yes     0xfffffffe  0xd7        -1        -1        
Ars3  No 
Ars4  No 
Ars5  No 
Ars6  No 
Mrs1  No 
Mrs2  Yes     0x0         0xd5        -1        -1        
Mrs3  No 
---------------------------------------------------------------------
Load Buffer:
     Busy     Address
LB1  No 
LB2  No 
LB3  No 
---------------------------------------------------------------------
Register:
R0: 0 R1: 0 R2: 215 R3: 0 R4: 0 R5: 0 R6: Ars2 R7: 0 
R8: -2 R9: 0 R10: Mrs2 R11: 0 R12: 0 R13: 0 R14: 0 R15: 0 
R16: 0 R17: 0 R18: 0 R19: 0 R20: 0 R21: 0 R22: 0 R23: 0 
R24: 0 R25: 0 R26: 0 R27: 0 R28: 0 R29: 0 R30: 0 R31: 0 
************************************************************************
System Clock: 15
---------------------------------------------------------------------
Instruction:
                 ID      IS      EX      WB
LD ,R6 ,0xd5     0       1       4       5
LD ,R2 ,0xd7     1       2       5       6
MUL,R0 ,R2 ,R4   2       3       10      11
SUB,R8 ,R6 ,R2   3       4       9       10
DIV,R10,R0 ,R6   4       5       15      0
ADD,R6 ,R8 ,R2   5       6       13      14
---------------------------------------------------------------------
Reservation Station
      Busy    Vj          Vk          Qj        Qk
Ars1  No 
Ars2  No 
Ars3  No 
Ars4  No 
Ars5  No 
Ars6  No 
Mrs1  No 
Mrs2  Yes     0x0         0xd5        -1        -1        
Mrs3  No 
---------------------------------------------------------------------
Load Buffer:
     Busy     Address
LB1  No 
LB2  No 
LB3  No 
---------------------------------------------------------------------
Register:
R0: 0 R1: 0 R2: 215 R3: 0 R4: 0 R5: 0 R6: 213 R7: 0 
R8: -2 R9: 0 R10: Mrs2 R11: 0 R12: 0 R13: 0 R14: 0 R15: 0 
R16: 0 R17: 0 R18: 0 R19: 0 R20: 0 R21: 0 R22: 0 R23: 0 
R24: 0 R25: 0 R26: 0 R27: 0 R28: 0 R29: 0 R30: 0 R31: 0 
************************************************************************
System Clock: 16
---------------------------------------------------------------------
Instruction:
                 ID      IS      EX      WB
LD ,R6 ,0xd5     0       1       4       5
LD ,R2 ,0xd7     1       2       5       6
MUL,R0 ,R2 ,R4   2       3       10      11
SUB,R8 ,R6 ,R2   3       4       9       10
DIV,R10,R0 ,R6   4       5       15      0
ADD,R6 ,R8 ,R2   5       6       13      14
---------------------------------------------------------------------
Reservation Station
      Busy    Vj          Vk          Qj        Qk
Ars1  No 
Ars2  No 
Ars3  No 
Ars4  No 
Ars5  No 
Ars6  No 
Mrs1  No 
Mrs2  Yes     0x0         0xd5        -1        -1        
Mrs3  No 
---------------------------------------------------------------------
Load Buffer:
     Busy     Address
LB1  No 
LB2  No 
LB3  No 
---------------------------------------------------------------------
Register:
R0: 0 R1: 0 R2: 215 R3: 0 R4: 0 R5: 0 R6: 213 R7: 0 
R8: -2 R9: 0 R10: Mrs2 R11: 0 R12: 0 R13: 0 R14: 0 R15: 0 
R16: 0 R17: 0 R18: 0 R19: 0 R20: 0 R21: 0 R22: 0 R23: 0 
R24: 0 R25: 0 R26: 0 R27: 0 R28: 0 R29: 0 R30: 0 R31: 0 
************************************************************************
System Clock: 17
---------------------------------------------------------------------
Instruction:
                 ID      IS      EX      WB
LD ,R6 ,0xd5     0       1       4       5
LD ,R2 ,0xd7     1       2       5       6
MUL,R0 ,R2 ,R4   2       3       10      11
SUB,R8 ,R6 ,R2   3       4       9       10
DIV,R10,R0 ,R6   4       5       15      16
ADD,R6 ,R8 ,R2   5       6       13      14
---------------------------------------------------------------------
Reservation Station
      Busy    Vj          Vk          Qj        Qk
Ars1  No 
Ars2  No 
Ars3  No 
Ars4  No 
Ars5  No 
Ars6  No 
Mrs1  No 
Mrs2  No 
Mrs3  No 
---------------------------------------------------------------------
Load Buffer:
     Busy     Address
LB1  No 
LB2  No 
LB3  No 
---------------------------------------------------------------------
Register:
R0: 0 R1: 0 R2: 215 R3: 0 R4: 0 R5: 0 R6: 213 R7: 0 
R8: -2 R9: 0 R10: 0 R11: 0 R12: 0 R13: 0 R14: 0 R15: 0 
R16: 0 R17: 0 R18: 0 R19: 0 R20: 0 R21: 0 R22: 0 R23: 0 
R24: 0 R25: 0 R26: 0 R27: 0 R28: 0 R29: 0 R30: 0 R31: 0 
************************************************************************
